

Generated by gdb script 'key_file_step_group' using argument 0x7f63e4013060


##--##--##--##--##--##--##--##--##--##--##--##--##--##--

Group GList: 0x7f63e4013060
$445 = {data = 0xd226e0, next = 0x1311360, prev = 0x0}

Name: offsets_103690356
$446 = {name = 0xdc47a0 "offsets_103690356", comment = 0x0, key_value_pairs = 0xdadda0, lookup_map = 0xdaf760}

KVP GList 0xdadda0
$447 = {data = 0xd0a6d0, next = 0x0, prev = 0x0}
KVP Data Content:
$448 = {key = 0xdc4780 "logs/harness.log", value = 0xdc47c0 "523"}

##--##--##--##--##--##--##--##--##--##--##--##--##--##--

Group GList: 0x1311360
$449 = {data = 0x7f63e4005060, next = 0x12d7840, prev = 0x7f63e4013060}

Name: offsets_103690355
$450 = {name = 0xcec9d0 "offsets_103690355", comment = 0x0, key_value_pairs = 0xdad140, lookup_map = 0xdaf6a0}

KVP GList 0xdad140
$451 = {data = 0x1247580, next = 0x7f63e4011b80, prev = 0x0}
KVP Data Content:
$452 = {key = 0x0, value = 0xdc4630 ""}

KVP GList 0x7f63e4011b80
$453 = {data = 0x1321d70, next = 0x0, prev = 0xdad140}
KVP Data Content:
$454 = {key = 0xdc44e0 "logs/harness.log", value = 0xcec9f0 "90385"}

##--##--##--##--##--##--##--##--##--##--##--##--##--##--

Group GList: 0x12d7840
$455 = {data = 0x1311660, next = 0x1288fa0, prev = 0x1311360}

Name: offsets_103690354
$456 = {name = 0xe8ce90 "offsets_103690354", comment = 0x0, key_value_pairs = 0x13112e0, lookup_map = 0xd13580}

KVP GList 0x13112e0
$457 = {data = 0x12e8f50, next = 0x1311c20, prev = 0x0}
KVP Data Content:
$458 = {key = 0x0, value = 0xdc44c0 ""}

KVP GList 0x1311c20
$459 = {data = 0x1321e00, next = 0x7f63e400cce0, prev = 0x13112e0}
KVP Data Content:
$460 = {key = 0xdc4880 "logs/taskout.log", value = 0xdc48a0 "3287"}

KVP GList 0x7f63e400cce0
$461 = {data = 0x11d5e00, next = 0x7f63e4011200, prev = 0x1311c20}
KVP Data Content:
$462 = {key = 0x0, value = 0x1077ca0 ""}

KVP GList 0x7f63e4011200
$463 = {data = 0x130dea0, next = 0x0, prev = 0x7f63e400cce0}
KVP Data Content:
$464 = {key = 0xe8ce70 "logs/harness.log", value = 0x1077c80 "273455"}

##--##--##--##--##--##--##--##--##--##--##--##--##--##--

Group GList: 0x1288fa0
$465 = {data = 0x7f63e4011ec0, next = 0x7f63e4011540, prev = 0x12d7840}

Name: offsets_103690353
$466 = {name = 0xdb5d40 "offsets_103690353", comment = 0x0, key_value_pairs = 0x1311a40, lookup_map = 0xdafde0}

KVP GList 0x1311a40
$467 = {data = 0xe7e840, next = 0x1311d20, prev = 0x0}
KVP Data Content:
$468 = {key = 0x0, value = 0xf6fef0 ""}

KVP GList 0x1311d20
$469 = {data = 0xe7e8c0, next = 0x13112c0, prev = 0x1311a40}
KVP Data Content:
$470 = {key = 0xd1db00 "logs/taskout.log", value = 0xf6fed0 "6043"}

KVP GList 0x13112c0
$471 = {data = 0x11effa0, next = 0x7f63e40064e0, prev = 0x1311d20}
KVP Data Content:
$472 = {key = 0x0, value = 0xde6980 ""}

KVP GList 0x7f63e40064e0
$473 = {data = 0x12c1910, next = 0x0, prev = 0x13112c0}
KVP Data Content:
$474 = {key = 0xdb6bb0 "logs/harness.log", value = 0xe35610 "9608"}

##--##--##--##--##--##--##--##--##--##--##--##--##--##--

Group GList: 0x7f63e4011540
$475 = {data = 0xdb4e40, next = 0x7f63e4009820, prev = 0x1288fa0}

Name: offsets_103690352
$476 = {name = 0x1056b30 "offsets_103690352", comment = 0x0, key_value_pairs = 0x7f63e40100a0, lookup_map = 0xdafd80}

KVP GList 0x7f63e40100a0
$477 = {data = 0x1157f30, next = 0x1311780, prev = 0x0}
KVP Data Content:
$478 = {key = 0x0, value = 0xdbb3f0 ""}

KVP GList 0x1311780
$479 = {data = 0x12e8f70, next = 0x120c000, prev = 0x7f63e40100a0}
KVP Data Content:
$480 = {key = 0xdc4140 "logs/taskout.log", value = 0xd16010 "238"}

KVP GList 0x120c000
$481 = {data = 0x1231800, next = 0x1311a80, prev = 0x1311780}
KVP Data Content:
$482 = {key = 0x0, value = 0x120de50 ""}

KVP GList 0x1311a80
$483 = {data = 0x11d6440, next = 0x0, prev = 0x120c000}
KVP Data Content:
$484 = {key = 0xdc44a0 "logs/harness.log", value = 0x1327690 "92621"}

##--##--##--##--##--##--##--##--##--##--##--##--##--##--

Group GList: 0x7f63e4009820
$485 = {data = 0x7f63e40060e0, next = 0x1311ba0, prev = 0x7f63e4011540}

Name: offsets_103690351
$486 = {name = 0xe8d070 "offsets_103690351", comment = 0x0, key_value_pairs = 0x7f63e400e400, lookup_map = 0xdc1580}

KVP GList 0x7f63e400e400
$487 = {data = 0x130dd10, next = 0x7f63e00047a0, prev = 0x0}
KVP Data Content:
$488 = {key = 0x0, value = 0xdb6f30 ""}

KVP GList 0x7f63e00047a0
$489 = {data = 0xe7e830, next = 0x7f63e4010580, prev = 0x7f63e400e400}
KVP Data Content:
$490 = {key = 0xcefb90 "logs/taskout.log", value = 0xd0a9e0 "255"}

KVP GList 0x7f63e4010580
$491 = {data = 0x1321c10, next = 0x12d7d80, prev = 0x7f63e00047a0}
KVP Data Content:
$492 = {key = 0x0, value = 0xf6feb0 ""}

KVP GList 0x12d7d80
$493 = {data = 0x11e1710, next = 0x0, prev = 0x7f63e4010580}
KVP Data Content:
$494 = {key = 0xdb5df0 "logs/harness.log", value = 0xd22870 "2623"}

##--##--##--##--##--##--##--##--##--##--##--##--##--##--

Group GList: 0x1311ba0
$495 = {data = 0x7f63e400ee60, next = 0x7f63e4013140, prev = 0x7f63e4009820}

Name: restraint
$496 = {name = 0xdab1e0 "restraint", comment = 0x0, key_value_pairs = 0x1311cc0, lookup_map = 0xdc2c60}

KVP GList 0x1311cc0
$497 = {data = 0x12fa100, next = 0x1289080, prev = 0x0}
KVP Data Content:
$498 = {key = 0x0, value = 0x1327670 ""}

KVP GList 0x1289080
$499 = {data = 0x1157c40, next = 0x0, prev = 0x1311cc0}
KVP Data Content:
$500 = {key = 0xdbbcd0 "recipe_url", value = 0x6c2f2f3a70747468 <error: Cannot access memory at address 0x6c2f2f3a70747468>}

##--##--##--##--##--##--##--##--##--##--##--##--##--##--

Group GList: 0x7f63e4013140
$501 = {data = 0x120c240, next = 0x0, prev = 0x1311ba0}

Name: None
$502 = {name = 0x0, comment = 0x0, key_value_pairs = 0x0, lookup_map = 0x0}

##--##--##--##--##--##--##--##--##--##--##--##--##--##--

