

Generated by gdb script 'print_all_app_data' using argument 0xcf2820



Generated by gdb script 'print_app_data' using argument 0xcf2820

AppData : 
$84 = {
  state = RECIPE_RUNNING, 
  recipe_handler_id = 1, 
  task_handler_id = 19254, 
  recipe_url = 0xcf74c0 "http://lab-02.rhts.eng.bos.redhat.com:8000//recipes/7694127/", 
  recipe_xmldoc = 0xd1aaf0, 
  recipe = 0xd24e70, 
  tasks = 0xd22360, 
  error = 0x0, 
  config_file = 0xcf5780 "/var/lib/restraint/config.conf", 
  restraint_url = 0xcf4610 "http://localhost:8081", 
  cancellable = 0xcf3620, 
  queue_message = 0x40ff40 <restraint_queue_message>, 
  close_message = 0x0, 
  message_data = 0x0, 
  finished_handler_id = 0, 
  io_handler_id = 0, 
  io_chan = 0x0, 
  aborted = ABORTED_NONE, 
  fetch_retries = 0
}
AppData Recipe Cancellable :
$85 = {
  parent_instance = {
    g_type_instance = {
      g_class = 0xcf26c0
    }, 
    ref_count = 1, 
    qdata = 0x0
  }, 
  priv = 0xcf3610
}
AppData Recipe Cancellable->Priv:
$86 = {
  cancelled = 0, 
  cancelled_running = 0, 
  cancelled_running_waiting = 0, 
  fd_refcount = 0, 
  wakeup = 0x0
}
AppData Recipe:
$87 = {
  recipe_id = 0xd25bf0 "7694127", 
  job_id = 0xd1da80 "3957818", 
  recipe_set_id = 0xd2c150 "6274471", 
  osdistro = 0xd26c80 "RHEL-8.2.0-20191211.n.0", 
  osmajor = 0xd26ca0 "RedHatEnterpriseLinux8", 
  osvariant = 0xd26cc0 "BaseOS", 
  osarch = 0xd26c60 "x86_64", 
  owner = 0xd2a470 "jstancek@redhat.com", 
  base_path = 0x8881db "/mnt/tests", 
  tasks = 0xd22640, 
  params = 0x0, 
  roles = 0x7f63e4003060, 
  recipe_uri = 0xd2a980
}

APPDATA TASKS:
-------------


Generated by gdb script 'print_all_task_data' using argument 0xcf2820

AppData Tasks:


Generated by gdb script 'print_task'   using argument 0xd27c40


##--##--##--##--##--##--##--##--##--##--##--##--##--##--
Task ID: 103690356 NAME: /kernel/distribution/ltp/lite
##--##--##--##--##--##--##--##--##--##--##--##--##--##--

$88 = {
  task_id = 0xd1be80 "103690356", 
  recipe = 0xd24e70, 
  task_uri = 0xd2b000, 
  name = 0xd1be50 "/kernel/distribution/ltp/lite", 
  path = 0xd1bf50 "/mnt/tests/kernel/distribution/ltp/lite", 
  fetch_method = TASK_FETCH_INSTALL_PACKAGE, 
  fetch = {
    package_name = 0xd1bf20 "kernel-kernel-distribution-ltp-lite", 
    url = 0xd1bf20
  }, 
  keepchanges = 0, 
  ssl_verify = 0, 
  params = 0xd21ce0, 
  roles = 0xdb5860, 
  started = 0, 
  finished = 0, 
  localwatchdog = 0, 
  rhts_compat = 0, 
  remaining_time = -1, 
  order = 5, 
  env = 0x0, 
  state = TASK_FETCH, 
  error = 0x0, 
  offsets = 0xd29c60, 
  reboots = 0, 
  metadata = 0x0, 
  starttime = 0, 
  endtime = 0
}

TASK URI:
$89 = {
  scheme = 0x8885e2 "http", 
  user = 0x0, 
  password = 0x0, 
  host = 0xd1bda0 "lab-02.rhts.eng.bos.redhat.com", 
  port = 8000, 
  path = 0xd1bec0 "//recipes/7694127/tasks/103690356/", 
  query = 0x0, 
  fragment = 0x0
}

TASK PARAMS :
$90 = {
  name = 0xd1bea0 "CKI_SUITE_DESCRIPTION", 
  value = 0xd1bf80 "LTP lite test for RHEL kernels"
}
$91 = {
  name = 0xd1bfb0 "CKI_CASE_NAME", 
  value = 0xd1bfd0 "LTP lite"
}
$92 = {
  name = 0xd1bff0 "CKI_MAINTAINERS", 
  value = 0xd5ce90 "Memory Management <mm-qe@redhat.com>, Jan Stancek <jstancek@redhat.com>"
}
$93 = {
  name = 0xd1c010 "KILLTIMEOVERRIDE", 
  value = 0xd1c030 "14400"
}

TASK Roles:
$94 = {
  value = 0xd1b9b0 "STANDALONE", 
  systems = 0xd1bce0 "dell-per720-08.klab.eng.bos.redhat.com"
}

TASK OFFSETS:
$95 = {
  size = 8, 
  mod = 7, 
  mask = 7, 
  nnodes = 1, 
  noccupied = 1, 
  keys = 0xd1bdd0, 
  hashes = 0xd1be20, 
  values = 0xdb6310, 
  hash_func = 0x634f40 <g_str_hash>, 
  key_equal_func = 0x634f20 <g_str_equal>, 
  ref_count = 1, 
  version = 1, 
  key_destroy_func = 0x64b2a0 <g_free>, 
  value_destroy_func = 0x64b2a0 <g_free>
}


Generated by gdb script 'print_task'   using argument 0xd27cf0


##--##--##--##--##--##--##--##--##--##--##--##--##--##--
Task ID: 103690357 NAME: Loopdev Sanity
##--##--##--##--##--##--##--##--##--##--##--##--##--##--

$96 = {
  task_id = 0xd1c140 "103690357", 
  recipe = 0xd24e70, 
  task_uri = 0xd2b040, 
  name = 0xd1c120 "Loopdev Sanity", 
  path = 0xd1c220 "/mnt/tests/github.com/CKI-project/tests-beaker/archive/master.zip/filesystems/loopdev/sanity", 
  fetch_method = TASK_FETCH_UNPACK, 
  fetch = {
    package_name = 0xd2b080 "煈", 
    url = 0xd2b080
  }, 
  keepchanges = 0, 
  ssl_verify = 1, 
  params = 0xd22380, 
  roles = 0xdb5460, 
  started = 0, 
  finished = 0, 
  localwatchdog = 0, 
  rhts_compat = 0, 
  remaining_time = -1, 
  order = 6, 
  env = 0x0, 
  state = TASK_IDLE, 
  error = 0x0, 
  offsets = 0xd29cc0, 
  reboots = 0, 
  metadata = 0x0, 
  starttime = 0, 
  endtime = 0
}

TASK URI:
$97 = {
  scheme = 0x8885e2 "http", 
  user = 0x0, 
  password = 0x0, 
  host = 0xd1c070 "lab-02.rhts.eng.bos.redhat.com", 
  port = 8000, 
  path = 0xd1c180 "//recipes/7694127/tasks/103690357/", 
  query = 0x0, 
  fragment = 0x0
}

TASK PARAMS :
$98 = {
  name = 0xd1c2b0 "CKI_SUITE_DESCRIPTION", 
  value = 0xd1c300 "sanity test for loop device"
}
$99 = {
  name = 0xd1c330 "CKI_CASE_NAME", 
  value = 0xd1c350 "Loopdev Sanity"
}
$100 = {
  name = 0xd1c370 "CKI_MAINTAINERS", 
  value = 0xd1c390 "Xiong Zhou <xzhou@redhat.com>"
}
$101 = {
  name = 0xd1c3c0 "KILLTIMEOVERRIDE", 
  value = 0xd1c3e0 "1260"
}

TASK Roles:
$102 = {
  value = 0xd1bd80 "STANDALONE", 
  systems = 0xd1bef0 "dell-per720-08.klab.eng.bos.redhat.com"
}

TASK OFFSETS:
$103 = {
  size = 8, 
  mod = 7, 
  mask = 7, 
  nnodes = 0, 
  noccupied = 0, 
  keys = 0xd1c0a0, 
  hashes = 0xd1c0f0, 
  values = 0xd1c0a0, 
  hash_func = 0x634f40 <g_str_hash>, 
  key_equal_func = 0x634f20 <g_str_equal>, 
  ref_count = 1, 
  version = 0, 
  key_destroy_func = 0x64b2a0 <g_free>, 
  value_destroy_func = 0x64b2a0 <g_free>
}


Generated by gdb script 'print_task'   using argument 0xd27da0


##--##--##--##--##--##--##--##--##--##--##--##--##--##--
Task ID: 103690358 NAME: Memory function: memfd_create
##--##--##--##--##--##--##--##--##--##--##--##--##--##--

$104 = {
  task_id = 0xd1c8b0 "103690358", 
  recipe = 0xd24e70, 
  task_uri = 0xd2b0c0, 
  name = 0xd38090 "Memory function: memfd_create", 
  path = 0xd38180 "/mnt/tests/github.com/CKI-project/tests-beaker/archive/master.zip/memory/function/memfd_create", 
  fetch_method = TASK_FETCH_UNPACK, 
  fetch = {
    package_name = 0xd2b100 "煈", 
    url = 0xd2b100
  }, 
  keepchanges = 0, 
  ssl_verify = 1, 
  params = 0xd1c480, 
  roles = 0xdb4ea0, 
  started = 0, 
  finished = 0, 
  localwatchdog = 0, 
  rhts_compat = 0, 
  remaining_time = -1, 
  order = 7, 
  env = 0x0, 
  state = TASK_IDLE, 
  error = 0x0, 
  offsets = 0xd29d20, 
  reboots = 0, 
  metadata = 0x0, 
  starttime = 0, 
  endtime = 0
}

TASK URI:
$105 = {
  scheme = 0x8885e2 "http", 
  user = 0x0, 
  password = 0x0, 
  host = 0xd1c830 "lab-02.rhts.eng.bos.redhat.com", 
  port = 8000, 
  path = 0xd380e0 "//recipes/7694127/tasks/103690358/", 
  query = 0x0, 
  fragment = 0x0
}

TASK PARAMS :
$106 = {
  name = 0xd38210 "CKI_SUITE_DESCRIPTION", 
  value = 0xd38260 "memory/function/memfd_create test"
}
$107 = {
  name = 0xd38290 "CKI_CASE_NAME", 
  value = 0xd382b0 "Memory function: memfd_create"
}
$108 = {
  name = 0xd382e0 "CKI_MAINTAINERS", 
  value = 0xd38300 "Memory Management <mm-qe@redhat.com>"
}
$109 = {
  name = 0xd38330 "KILLTIMEOVERRIDE", 
  value = 0xd38350 "3600"
}

TASK Roles:
$110 = {
  value = 0xd1c050 "STANDALONE", 
  systems = 0xd1c2d0 "dell-per720-08.klab.eng.bos.redhat.com"
}

TASK OFFSETS:
$111 = {
  size = 8, 
  mod = 7, 
  mask = 7, 
  nnodes = 0, 
  noccupied = 0, 
  keys = 0xd1c860, 
  hashes = 0xd38060, 
  values = 0xd1c860, 
  hash_func = 0x634f40 <g_str_hash>, 
  key_equal_func = 0x634f20 <g_str_equal>, 
  ref_count = 1, 
  version = 0, 
  key_destroy_func = 0x64b2a0 <g_free>, 
  value_destroy_func = 0x64b2a0 <g_free>
}


Generated by gdb script 'print_task'   using argument 0xd27820


##--##--##--##--##--##--##--##--##--##--##--##--##--##--
Task ID: 103690359 NAME: Memory function: kaslr
##--##--##--##--##--##--##--##--##--##--##--##--##--##--

$112 = {
  task_id = 0xd389a0 "103690359", 
  recipe = 0xd24e70, 
  task_uri = 0xd2b140, 
  name = 0xd38980 "Memory function: kaslr", 
  path = 0xd38a10 "/mnt/tests/github.com/CKI-project/tests-beaker/archive/master.zip/memory/function/kaslr", 
  fetch_method = TASK_FETCH_UNPACK, 
  fetch = {
    package_name = 0xd2b180 "煈", 
    url = 0xd2b180
  }, 
  keepchanges = 0, 
  ssl_verify = 1, 
  params = 0xd1c580, 
  roles = 0xdb4f00, 
  started = 0, 
  finished = 0, 
  localwatchdog = 0, 
  rhts_compat = 0, 
  remaining_time = -1, 
  order = 8, 
  env = 0x0, 
  state = TASK_IDLE, 
  error = 0x0, 
  offsets = 0xd29d80, 
  reboots = 0, 
  metadata = 0x0, 
  starttime = 0, 
  endtime = 0
}

TASK URI:
$113 = {
  scheme = 0x8885e2 "http", 
  user = 0x0, 
  password = 0x0, 
  host = 0xd38390 "lab-02.rhts.eng.bos.redhat.com", 
  port = 8000, 
  path = 0xd389e0 "//recipes/7694127/tasks/103690359/", 
  query = 0x0, 
  fragment = 0x0
}

TASK PARAMS :
$114 = {
  name = 0xd38ac0 "CKI_SUITE_DESCRIPTION", 
  value = 0xd38b10 "memory/function/kaslr test"
}
$115 = {
  name = 0xd38b40 "CKI_CASE_NAME", 
  value = 0xd38b60 "Memory function: kaslr"
}
$116 = {
  name = 0xd38b80 "CKI_MAINTAINERS", 
  value = 0xd38ba0 "Memory Management <mm-qe@redhat.com>"
}
$117 = {
  name = 0xd38bd0 "KILLTIMEOVERRIDE", 
  value = 0xd38bf0 "3600"
}

TASK Roles:
$118 = {
  value = 0xd1c160 "STANDALONE", 
  systems = 0xd38230 "dell-per720-08.klab.eng.bos.redhat.com"
}

TASK OFFSETS:
$119 = {
  size = 8, 
  mod = 7, 
  mask = 7, 
  nnodes = 0, 
  noccupied = 0, 
  keys = 0xd38900, 
  hashes = 0xd38950, 
  values = 0xd38900, 
  hash_func = 0x634f40 <g_str_hash>, 
  key_equal_func = 0x634f20 <g_str_equal>, 
  ref_count = 1, 
  version = 0, 
  key_destroy_func = 0x64b2a0 <g_free>, 
  value_destroy_func = 0x64b2a0 <g_free>
}


Generated by gdb script 'print_task'   using argument 0xd27e50


##--##--##--##--##--##--##--##--##--##--##--##--##--##--
Task ID: 103690360 NAME: AMTU (Abstract Machine Test Utility)
##--##--##--##--##--##--##--##--##--##--##--##--##--##--

$120 = {
  task_id = 0xd39800 "103690360", 
  recipe = 0xd24e70, 
  task_uri = 0xd2b1c0, 
  name = 0xd38030 "AMTU (Abstract Machine Test Utility)", 
  path = 0xd398b0 "/mnt/tests/github.com/CKI-project/tests-beaker/archive/master.zip/misc/amtu", 
  fetch_method = TASK_FETCH_UNPACK, 
  fetch = {
    package_name = 0xd2b200 "煈", 
    url = 0xd2b200
  }, 
  keepchanges = 0, 
  ssl_verify = 1, 
  params = 0xd376c0, 
  roles = 0xdb2f20, 
  started = 0, 
  finished = 0, 
  localwatchdog = 0, 
  rhts_compat = 0, 
  remaining_time = -1, 
  order = 9, 
  env = 0x0, 
  state = TASK_IDLE, 
  error = 0x0, 
  offsets = 0xd29de0, 
  reboots = 0, 
  metadata = 0x0, 
  starttime = 0, 
  endtime = 0
}

TASK URI:
$121 = {
  scheme = 0x8885e2 "http", 
  user = 0x0, 
  password = 0x0, 
  host = 0xd38c30 "lab-02.rhts.eng.bos.redhat.com", 
  port = 8000, 
  path = 0xd39840 "//recipes/7694127/tasks/103690360/", 
  query = 0x0, 
  fragment = 0x0
}

TASK PARAMS :
$122 = {
  name = 0xd39960 "CKI_SUITE_DESCRIPTION", 
  value = 0xd399b0 "AMTU (Abstract Machine Test Utility)"
}
$123 = {
  name = 0xd399e0 "CKI_CASE_NAME", 
  value = 0xd39a00 "AMTU (Abstract Machine Test Utility)"
}
$124 = {
  name = 0xd39a30 "CKI_MAINTAINERS", 
  value = 0xd39a50 "Memory Management <mm-qe@redhat.com>"
}
$125 = {
  name = 0xd39a80 "KILLTIMEOVERRIDE", 
  value = 0xd39aa0 "3000"
}
$126 = {
  name = 0xd39ac0 "CI", 
  value = 0xd39ae0 "yes"
}

TASK Roles:
$127 = {
  value = 0xd38370 "STANDALONE", 
  systems = 0xd38ae0 "dell-per720-08.klab.eng.bos.redhat.com"
}

TASK OFFSETS:
$128 = {
  size = 8, 
  mod = 7, 
  mask = 7, 
  nnodes = 0, 
  noccupied = 0, 
  keys = 0xd38500, 
  hashes = 0xd38000, 
  values = 0xd38500, 
  hash_func = 0x634f40 <g_str_hash>, 
  key_equal_func = 0x634f20 <g_str_equal>, 
  ref_count = 1, 
  version = 0, 
  key_destroy_func = 0x64b2a0 <g_free>, 
  value_destroy_func = 0x64b2a0 <g_free>
}


Generated by gdb script 'print_task'   using argument 0xd27f00


##--##--##--##--##--##--##--##--##--##--##--##--##--##--
Task ID: 103690361 NAME: Kernel Header Sanity Test
##--##--##--##--##--##--##--##--##--##--##--##--##--##--

$129 = {
  task_id = 0xd39c00 "103690361", 
  recipe = 0xd24e70, 
  task_uri = 0xd2b240, 
  name = 0xd39bd0 "Kernel Header Sanity Test", 
  path = 0xd39cb0 "/mnt/tests/github.com/CKI-project/tests-beaker/archive/master.zip/misc/header-test", 
  fetch_method = TASK_FETCH_UNPACK, 
  fetch = {
    package_name = 0xcf5ac0 "煈", 
    url = 0xcf5ac0
  }, 
  keepchanges = 0, 
  ssl_verify = 1, 
  params = 0xd37820, 
  roles = 0xcf5460, 
  started = 0, 
  finished = 0, 
  localwatchdog = 0, 
  rhts_compat = 0, 
  remaining_time = -1, 
  order = 10, 
  env = 0x0, 
  state = TASK_IDLE, 
  error = 0x0, 
  offsets = 0xd29e40, 
  reboots = 0, 
  metadata = 0x0, 
  starttime = 0, 
  endtime = 0
}

TASK URI:
$130 = {
  scheme = 0x8885e2 "http", 
  user = 0x0, 
  password = 0x0, 
  host = 0xd39b20 "lab-02.rhts.eng.bos.redhat.com", 
  port = 8000, 
  path = 0xd39c40 "//recipes/7694127/tasks/103690361/", 
  query = 0x0, 
  fragment = 0x0
}

TASK PARAMS :
$131 = {
  name = 0xd39d60 "CKI_SUITE_DESCRIPTION", 
  value = 0xd39db0 "kernel header sanity test"
}
$132 = {
  name = 0xd39de0 "CKI_CASE_NAME", 
  value = 0xd39e00 "Kernel Header Sanity Test"
}
$133 = {
  name = 0xd39e30 "CKI_MAINTAINERS", 
  value = 0xd39e50 "Jeff Bastian <jbastian@redhat.com>"
}
$134 = {
  name = 0xd39e80 "KILLTIMEOVERRIDE", 
  value = 0xd39ea0 "600"
}

TASK Roles:
$135 = {
  value = 0xd38c10 "STANDALONE", 
  systems = 0xd39980 "dell-per720-08.klab.eng.bos.redhat.com"
}

TASK OFFSETS:
$136 = {
  size = 8, 
  mod = 7, 
  mask = 7, 
  nnodes = 0, 
  noccupied = 0, 
  keys = 0xd39b50, 
  hashes = 0xd39ba0, 
  values = 0xd39b50, 
  hash_func = 0x634f40 <g_str_hash>, 
  key_equal_func = 0x634f20 <g_str_equal>, 
  ref_count = 1, 
  version = 0, 
  key_destroy_func = 0x64b2a0 <g_free>, 
  value_destroy_func = 0x64b2a0 <g_free>
}


Generated by gdb script 'print_task'   using argument 0xd39010


##--##--##--##--##--##--##--##--##--##--##--##--##--##--
Task ID: 103690362 NAME: load/unload kernel module test
##--##--##--##--##--##--##--##--##--##--##--##--##--##--

$137 = {
  task_id = 0xd39fc0 "103690362", 
  recipe = 0xd24e70, 
  task_uri = 0xcf6180, 
  name = 0xd39f90 "load/unload kernel module test", 
  path = 0xd3a070 "/mnt/tests/github.com/CKI-project/tests-beaker/archive/master.zip/misc/module-load", 
  fetch_method = TASK_FETCH_UNPACK, 
  fetch = {
    package_name = 0xcf5800 "煈", 
    url = 0xcf5800
  }, 
  keepchanges = 0, 
  ssl_verify = 1, 
  params = 0xd37920, 
  roles = 0xdb5520, 
  started = 0, 
  finished = 0, 
  localwatchdog = 0, 
  rhts_compat = 0, 
  remaining_time = -1, 
  order = 11, 
  env = 0x0, 
  state = TASK_IDLE, 
  error = 0x0, 
  offsets = 0xd29ea0, 
  reboots = 0, 
  metadata = 0x0, 
  starttime = 0, 
  endtime = 0
}

TASK URI:
$138 = {
  scheme = 0x8885e2 "http", 
  user = 0x0, 
  password = 0x0, 
  host = 0xd39ee0 "lab-02.rhts.eng.bos.redhat.com", 
  port = 8000, 
  path = 0xd3a000 "//recipes/7694127/tasks/103690362/", 
  query = 0x0, 
  fragment = 0x0
}

TASK PARAMS :
$139 = {
  name = 0xd3a120 "CKI_SUITE_DESCRIPTION", 
  value = 0xd3a170 "load/unload kernel module test"
}
$140 = {
  name = 0xd3a1a0 "CKI_CASE_NAME", 
  value = 0xd3a1c0 "load/unload kernel module test"
}
$141 = {
  name = 0xd3a1f0 "CKI_MAINTAINERS", 
  value = 0xd3a210 "Jeff Bastian <jbastian@redhat.com>"
}
$142 = {
  name = 0xd3a240 "KILLTIMEOVERRIDE", 
  value = 0xd3a260 "840"
}

TASK Roles:
$143 = {
  value = 0xd39b00 "STANDALONE", 
  systems = 0xd39d80 "dell-per720-08.klab.eng.bos.redhat.com"
}

TASK OFFSETS:
$144 = {
  size = 8, 
  mod = 7, 
  mask = 7, 
  nnodes = 0, 
  noccupied = 0, 
  keys = 0xd39f10, 
  hashes = 0xd39f60, 
  values = 0xd39f10, 
  hash_func = 0x634f40 <g_str_hash>, 
  key_equal_func = 0x634f20 <g_str_equal>, 
  ref_count = 1, 
  version = 0, 
  key_destroy_func = 0x64b2a0 <g_free>, 
  value_destroy_func = 0x64b2a0 <g_free>
}


Generated by gdb script 'print_task'   using argument 0xd390c0


##--##--##--##--##--##--##--##--##--##--##--##--##--##--
Task ID: 103690363 NAME: Ethernet drivers sanity
##--##--##--##--##--##--##--##--##--##--##--##--##--##--

$145 = {
  task_id = 0xd3a370 "103690363", 
  recipe = 0xd24e70, 
  task_uri = 0xcf5b80, 
  name = 0xd3a350 "Ethernet drivers sanity", 
  path = 0xd3a450 "/mnt/tests/github.com/CKI-project/tests-beaker/archive/master.zip/networking/driver/sanity", 
  fetch_method = TASK_FETCH_UNPACK, 
  fetch = {
    package_name = 0xcf6140 "煈", 
    url = 0xcf6140
  }, 
  keepchanges = 0, 
  ssl_verify = 1, 
  params = 0xd37e60, 
  roles = 0xdb2ee0, 
  started = 0, 
  finished = 0, 
  localwatchdog = 0, 
  rhts_compat = 0, 
  remaining_time = -1, 
  order = 12, 
  env = 0x0, 
  state = TASK_IDLE, 
  error = 0x0, 
  offsets = 0xd29f00, 
  reboots = 0, 
  metadata = 0x0, 
  starttime = 0, 
  endtime = 0
}

TASK URI:
$146 = {
  scheme = 0x8885e2 "http", 
  user = 0x0, 
  password = 0x0, 
  host = 0xd3a2a0 "lab-02.rhts.eng.bos.redhat.com", 
  port = 8000, 
  path = 0xd3a3b0 "//recipes/7694127/tasks/103690363/", 
  query = 0x0, 
  fragment = 0x0
}

TASK PARAMS :
$147 = {
  name = 0xd3a4e0 "CKI_SUITE_DESCRIPTION", 
  value = 0xd3a540 "/networking/ethernet/drivers/sanity test"
}
$148 = {
  name = 0xd3a580 "CKI_CASE_NAME", 
  value = 0xd3a5a0 "Ethernet drivers sanity"
}
$149 = {
  name = 0xd3a5c0 "CKI_MAINTAINERS", 
  value = 0xd3a610 "John Linville <linville@redhat.com>"
}
$150 = {
  name = 0xd3a640 "KILLTIMEOVERRIDE", 
  value = 0xd3a660 "720"
}

TASK Roles:
$151 = {
  value = 0xd39ec0 "STANDALONE", 
  systems = 0xd3a140 "dell-per720-08.klab.eng.bos.redhat.com"
}

TASK OFFSETS:
$152 = {
  size = 8, 
  mod = 7, 
  mask = 7, 
  nnodes = 0, 
  noccupied = 0, 
  keys = 0xd3a2d0, 
  hashes = 0xd3a320, 
  values = 0xd3a2d0, 
  hash_func = 0x634f40 <g_str_hash>, 
  key_equal_func = 0x634f20 <g_str_equal>, 
  ref_count = 1, 
  version = 0, 
  key_destroy_func = 0x64b2a0 <g_free>, 
  value_destroy_func = 0x64b2a0 <g_free>
}


Generated by gdb script 'print_task'   using argument 0xd39170


##--##--##--##--##--##--##--##--##--##--##--##--##--##--
Task ID: 103690364 NAME: Networking socket: fuzz
##--##--##--##--##--##--##--##--##--##--##--##--##--##--

$153 = {
  task_id = 0xd3a770 "103690364", 
  recipe = 0xd24e70, 
  task_uri = 0xd1d040, 
  name = 0xd3a750 "Networking socket: fuzz", 
  path = 0xd3a810 "/mnt/tests/github.com/CKI-project/tests-beaker/archive/master.zip/networking/socket/fuzz", 
  fetch_method = TASK_FETCH_UNPACK, 
  fetch = {
    package_name = 0xcf6300 "煈", 
    url = 0xcf6300
  }, 
  keepchanges = 0, 
  ssl_verify = 1, 
  params = 0xd37900, 
  roles = 0xdb5920, 
  started = 0, 
  finished = 0, 
  localwatchdog = 0, 
  rhts_compat = 0, 
  remaining_time = -1, 
  order = 13, 
  env = 0x0, 
  state = TASK_IDLE, 
  error = 0x0, 
  offsets = 0xd29f60, 
  reboots = 0, 
  metadata = 0x0, 
  starttime = 0, 
  endtime = 0
}

TASK URI:
$154 = {
  scheme = 0x8885e2 "http", 
  user = 0x0, 
  password = 0x0, 
  host = 0xd3a6a0 "lab-02.rhts.eng.bos.redhat.com", 
  port = 8000, 
  path = 0xd3a7b0 "//recipes/7694127/tasks/103690364/", 
  query = 0x0, 
  fragment = 0x0
}

TASK PARAMS :
$155 = {
  name = 0xd3a8a0 "CKI_SUITE_DESCRIPTION", 
  value = 0xd3a8c0 "Networking socket: fuzz"
}
$156 = {
  name = 0xd3a8e0 "CKI_CASE_NAME", 
  value = 0xd3a900 "Networking socket: fuzz"
}
$157 = {
  name = 0xd3a920 "CKI_MAINTAINERS", 
  value = 0xda7fd0 "Xiumei Mu <xmu@redhat.com>, Jianwen Ji <jiji@redhat.com>, Hangbin Liu <haliu@redhat.com>"
}
$158 = {
  name = 0xd3a940 "KILLTIMEOVERRIDE", 
  value = 0xd3a960 "1560"
}

TASK Roles:
$159 = {
  value = 0xd3a280 "STANDALONE", 
  systems = 0xd3a5e0 "dell-per720-08.klab.eng.bos.redhat.com"
}

TASK OFFSETS:
$160 = {
  size = 8, 
  mod = 7, 
  mask = 7, 
  nnodes = 0, 
  noccupied = 0, 
  keys = 0xd3a6d0, 
  hashes = 0xd3a720, 
  values = 0xd3a6d0, 
  hash_func = 0x634f40 <g_str_hash>, 
  key_equal_func = 0x634f20 <g_str_equal>, 
  ref_count = 1, 
  version = 0, 
  key_destroy_func = 0x64b2a0 <g_free>, 
  value_destroy_func = 0x64b2a0 <g_free>
}


Generated by gdb script 'print_task'   using argument 0xd39220


##--##--##--##--##--##--##--##--##--##--##--##--##--##--
Task ID: 103690365 NAME: /kernel/networking/ipv6/Fujitsu-socketapi-test
##--##--##--##--##--##--##--##--##--##--##--##--##--##--

$161 = {
  task_id = 0xd3ab00 "103690365", 
  recipe = 0xd24e70, 
  task_uri = 0xcf6380, 
  name = 0xd3aac0 "/kernel/networking/ipv6/Fujitsu-socketapi-test", 
  path = 0xd40d60 "/mnt/tests/kernel/networking/ipv6/Fujitsu-socketapi-test", 
  fetch_method = TASK_FETCH_INSTALL_PACKAGE, 
  fetch = {
    package_name = 0xd3ab70 "kernel-kernel-networking-ipv6-Fujitsu-socketapi-test", 
    url = 0xd3ab70
  }, 
  keepchanges = 0, 
  ssl_verify = 0, 
  params = 0xd1c500, 
  roles = 0xdb2ec0, 
  started = 0, 
  finished = 0, 
  localwatchdog = 0, 
  rhts_compat = 0, 
  remaining_time = -1, 
  order = 14, 
  env = 0x0, 
  state = TASK_IDLE, 
  error = 0x0, 
  offsets = 0xd2a000, 
  reboots = 0, 
  metadata = 0x0, 
  starttime = 0, 
  endtime = 0
}

TASK URI:
$162 = {
  scheme = 0x8885e2 "http", 
  user = 0x0, 
  password = 0x0, 
  host = 0xd3a9d0 "lab-02.rhts.eng.bos.redhat.com", 
  port = 8000, 
  path = 0xd3ab40 "//recipes/7694127/tasks/103690365/", 
  query = 0x0, 
  fragment = 0x0
}

TASK PARAMS :
$163 = {
  name = 0xd3ab20 "CKI_SUITE_DESCRIPTION", 
  value = 0xd3abe0 "Networking: ipv6/Fujitsu-socketapi-test"
}
$164 = {
  name = 0xd3ac10 "CKI_CASE_NAME", 
  value = 0xd3ac30 "Networking: ipv6/Fujitsu-socketapi-test"
}
$165 = {
  name = 0xd3ac60 "CKI_MAINTAINERS", 
  value = 0xd2e290 "Jianlin Shi <jishi@redhat.com>, Jianwen Ji <jiji@redhat.com>, Hangbin Liu <haliu@redhat.com>"
}
$166 = {
  name = 0xd3ac80 "KILLTIMEOVERRIDE", 
  value = 0xd3aca0 "1800"
}

TASK Roles:
$167 = {
  value = 0xd3a680 "STANDALONE", 
  systems = 0xd3a9a0 "dell-per720-08.klab.eng.bos.redhat.com"
}

TASK OFFSETS:
$168 = {
  size = 8, 
  mod = 7, 
  mask = 7, 
  nnodes = 0, 
  noccupied = 0, 
  keys = 0xd3aa00, 
  hashes = 0xd3aa50, 
  values = 0xd3aa00, 
  hash_func = 0x634f40 <g_str_hash>, 
  key_equal_func = 0x634f20 <g_str_equal>, 
  ref_count = 1, 
  version = 0, 
  key_destroy_func = 0x64b2a0 <g_free>, 
  value_destroy_func = 0x64b2a0 <g_free>
}


Generated by gdb script 'print_task'   using argument 0xd392d0


##--##--##--##--##--##--##--##--##--##--##--##--##--##--
Task ID: 103690366 NAME: Networking sctp-auth: sockopts test
##--##--##--##--##--##--##--##--##--##--##--##--##--##--

$169 = {
  task_id = 0xd3a790 "103690366", 
  recipe = 0xd24e70, 
  task_uri = 0xcf6340, 
  name = 0xd30c00 "Networking sctp-auth: sockopts test", 
  path = 0xd30cb0 "/mnt/tests/github.com/CKI-project/tests-beaker/archive/master.zip/networking/sctp/auth/sockopts", 
  fetch_method = TASK_FETCH_UNPACK, 
  fetch = {
    package_name = 0xd1d000 "煈", 
    url = 0xd1d000
  }, 
  keepchanges = 0, 
  ssl_verify = 1, 
  params = 0xd37f40, 
  roles = 0xdb2f40, 
  started = 0, 
  finished = 0, 
  localwatchdog = 0, 
  rhts_compat = 0, 
  remaining_time = -1, 
  order = 15, 
  env = 0x0, 
  state = TASK_IDLE, 
  error = 0x0, 
  offsets = 0xd135e0, 
  reboots = 0, 
  metadata = 0x0, 
  starttime = 0, 
  endtime = 0
}

TASK URI:
$170 = {
  scheme = 0x8885e2 "http", 
  user = 0x0, 
  password = 0x0, 
  host = 0xd3ace0 "lab-02.rhts.eng.bos.redhat.com", 
  port = 8000, 
  path = 0xd30c50 "//recipes/7694127/tasks/103690366/", 
  query = 0x0, 
  fragment = 0x0
}

TASK PARAMS :
$171 = {
  name = 0xd30d40 "CKI_SUITE_DESCRIPTION", 
  value = 0xd30d90 "networking/sctp/auth/sockopts test"
}
$172 = {
  name = 0xd30dc0 "CKI_CASE_NAME", 
  value = 0xd30de0 "Networking sctp-auth: sockopts test"
}
$173 = {
  name = 0xd30e10 "CKI_MAINTAINERS", 
  value = 0xd29820 "Ying Xu <yinxu@redhat.com>, Jianwen Ji <jiji@redhat.com>, Hangbin Liu <haliu@redhat.com>"
}
$174 = {
  name = 0xd30e30 "KILLTIMEOVERRIDE", 
  value = 0xd30e50 "1800"
}

TASK Roles:
$175 = {
  value = 0xd3a980 "STANDALONE", 
  systems = 0xd3abb0 "dell-per720-08.klab.eng.bos.redhat.com"
}

TASK OFFSETS:
$176 = {
  size = 8, 
  mod = 7, 
  mask = 7, 
  nnodes = 0, 
  noccupied = 0, 
  keys = 0xd3b570, 
  hashes = 0xd3b5c0, 
  values = 0xd3b570, 
  hash_func = 0x634f40 <g_str_hash>, 
  key_equal_func = 0x634f20 <g_str_equal>, 
  ref_count = 1, 
  version = 0, 
  key_destroy_func = 0x64b2a0 <g_free>, 
  value_destroy_func = 0x64b2a0 <g_free>
}


Generated by gdb script 'print_task'   using argument 0xd39380


##--##--##--##--##--##--##--##--##--##--##--##--##--##--
Task ID: 103690367 NAME: Networking: igmp conformance test
##--##--##--##--##--##--##--##--##--##--##--##--##--##--

$177 = {
  task_id = 0xd30f70 "103690367", 
  recipe = 0xd24e70, 
  task_uri = 0xd1d440, 
  name = 0xd30f40 "Networking: igmp conformance test", 
  path = 0xd31050 "/mnt/tests/github.com/CKI-project/tests-beaker/archive/master.zip/networking/igmp/conformance", 
  fetch_method = TASK_FETCH_UNPACK, 
  fetch = {
    package_name = 0xd2a800 "煈", 
    url = 0xd2a800
  }, 
  keepchanges = 0, 
  ssl_verify = 1, 
  params = 0xd3ae80, 
  roles = 0xdb59a0, 
  started = 0, 
  finished = 0, 
  localwatchdog = 0, 
  rhts_compat = 0, 
  remaining_time = -1, 
  order = 16, 
  env = 0x0, 
  state = TASK_IDLE, 
  error = 0x0, 
  offsets = 0xd13520, 
  reboots = 0, 
  metadata = 0x0, 
  starttime = 0, 
  endtime = 0
}

TASK URI:
$178 = {
  scheme = 0x8885e2 "http", 
  user = 0x0, 
  password = 0x0, 
  host = 0xd30e90 "lab-02.rhts.eng.bos.redhat.com", 
  port = 8000, 
  path = 0xd30fb0 "//recipes/7694127/tasks/103690367/", 
  query = 0x0, 
  fragment = 0x0
}

TASK PARAMS :
$179 = {
  name = 0xd310e0 "CKI_SUITE_DESCRIPTION", 
  value = 0xd31130 "networking/igmp/conformance test"
}
$180 = {
  name = 0xd31160 "CKI_CASE_NAME", 
  value = 0xd31180 "Networking: igmp conformance test"
}
$181 = {
  name = 0xd311b0 "CKI_MAINTAINERS", 
  value = 0xd9fc50 "Ying Xu <yinxu@redhat.com>, Jianwen Ji <jiji@redhat.com>, Hangbin Liu <haliu@redhat.com>"
}
$182 = {
  name = 0xd311d0 "KILLTIMEOVERRIDE", 
  value = 0xd311f0 "1320"
}

TASK Roles:
$183 = {
  value = 0xd3acc0 "STANDALONE", 
  systems = 0xd30d60 "dell-per720-08.klab.eng.bos.redhat.com"
}

TASK OFFSETS:
$184 = {
  size = 8, 
  mod = 7, 
  mask = 7, 
  nnodes = 0, 
  noccupied = 0, 
  keys = 0xd30ec0, 
  hashes = 0xd30f10, 
  values = 0xd30ec0, 
  hash_func = 0x634f40 <g_str_hash>, 
  key_equal_func = 0x634f20 <g_str_equal>, 
  ref_count = 1, 
  version = 0, 
  key_destroy_func = 0x64b2a0 <g_free>, 
  value_destroy_func = 0x64b2a0 <g_free>
}


Generated by gdb script 'print_task'   using argument 0xd39430


##--##--##--##--##--##--##--##--##--##--##--##--##--##--
Task ID: 103690368 NAME: Networking route: pmtu
##--##--##--##--##--##--##--##--##--##--##--##--##--##--

$185 = {
  task_id = 0xd31300 "103690368", 
  recipe = 0xd24e70, 
  task_uri = 0xd2a940, 
  name = 0xd312e0 "Networking route: pmtu", 
  path = 0xd313b0 "/mnt/tests/github.com/CKI-project/tests-beaker/archive/master.zip/networking/route/pmtu", 
  fetch_method = TASK_FETCH_UNPACK, 
  fetch = {
    package_name = 0xd2a8c0 "煈", 
    url = 0xd2a8c0
  }, 
  keepchanges = 0, 
  ssl_verify = 1, 
  params = 0xd3af80, 
  roles = 0xdb5880, 
  started = 0, 
  finished = 0, 
  localwatchdog = 0, 
  rhts_compat = 0, 
  remaining_time = -1, 
  order = 17, 
  env = 0x0, 
  state = TASK_IDLE, 
  error = 0x0, 
  offsets = 0xd13400, 
  reboots = 0, 
  metadata = 0x0, 
  starttime = 0, 
  endtime = 0
}

TASK URI:
$186 = {
  scheme = 0x8885e2 "http", 
  user = 0x0, 
  password = 0x0, 
  host = 0xd31230 "lab-02.rhts.eng.bos.redhat.com", 
  port = 8000, 
  path = 0xd31340 "//recipes/7694127/tasks/103690368/", 
  query = 0x0, 
  fragment = 0x0
}

TASK PARAMS :
$187 = {
  name = 0xd31460 "CKI_SUITE_DESCRIPTION", 
  value = 0xd314b0 "/networking/route/pmtu test"
}
$188 = {
  name = 0xd314e0 "CKI_CASE_NAME", 
  value = 0xd31500 "Networking route: pmtu"
}
$189 = {
  name = 0xd31520 "CKI_MAINTAINERS", 
  value = 0xd31540 "Jianlin Shi <jishi@redhat.com>"
}
$190 = {
  name = 0xd31570 "KILLTIMEOVERRIDE", 
  value = 0xd31590 "7200"
}
$191 = {
  name = 0xd315b0 "TEST_ITEMS", 
  value = 0xd315d0 "basic_pmtu mtu_expire"
}

TASK Roles:
$192 = {
  value = 0xd30e70 "STANDALONE", 
  systems = 0xd31100 "dell-per720-08.klab.eng.bos.redhat.com"
}

TASK OFFSETS:
$193 = {
  size = 8, 
  mod = 7, 
  mask = 7, 
  nnodes = 0, 
  noccupied = 0, 
  keys = 0xd31260, 
  hashes = 0xd312b0, 
  values = 0xd31260, 
  hash_func = 0x634f40 <g_str_hash>, 
  key_equal_func = 0x634f20 <g_str_equal>, 
  ref_count = 1, 
  version = 0, 
  key_destroy_func = 0x64b2a0 <g_free>, 
  value_destroy_func = 0x64b2a0 <g_free>
}


Generated by gdb script 'print_task'   using argument 0xd394e0


##--##--##--##--##--##--##--##--##--##--##--##--##--##--
Task ID: 103690369 NAME: Networking route_func: local
##--##--##--##--##--##--##--##--##--##--##--##--##--##--

$194 = {
  task_id = 0xd31bb0 "103690369", 
  recipe = 0xd24e70, 
  task_uri = 0xcf5b00, 
  name = 0xd31b80 "Networking route_func: local", 
  path = 0xd31c90 "/mnt/tests/github.com/CKI-project/tests-beaker/archive/master.zip/networking/route/route_func", 
  fetch_method = TASK_FETCH_UNPACK, 
  fetch = {
    package_name = 0xcf6240 "煈", 
    url = 0xcf6240
  }, 
  keepchanges = 0, 
  ssl_verify = 1, 
  params = 0xd3b2e0, 
  roles = 0xd22740, 
  started = 0, 
  finished = 0, 
  localwatchdog = 0, 
  rhts_compat = 0, 
  remaining_time = -1, 
  order = 18, 
  env = 0x0, 
  state = TASK_IDLE, 
  error = 0x0, 
  offsets = 0xd2a060, 
  reboots = 0, 
  metadata = 0x0, 
  starttime = 0, 
  endtime = 0
}

TASK URI:
$195 = {
  scheme = 0x8885e2 "http", 
  user = 0x0, 
  password = 0x0, 
  host = 0xd31b20 "lab-02.rhts.eng.bos.redhat.com", 
  port = 8000, 
  path = 0xd31bf0 "//recipes/7694127/tasks/103690369/", 
  query = 0x0, 
  fragment = 0x0
}

TASK PARAMS :
$196 = {
  name = 0xd333b0 "CKI_SUITE_DESCRIPTION", 
  value = 0xd33400 "Networking route_func tests"
}
$197 = {
  name = 0xd33430 "CKI_CASE_NAME", 
  value = 0xd33450 "Networking route_func: local"
}
$198 = {
  name = 0xd33480 "CKI_MAINTAINERS", 
  value = 0xd334a0 "Jianlin Shi <jishi@redhat.com>, Jianwen Ji <jiji@redhat.com>, Hangbin Liu <haliu@redhat.com>"
}
$199 = {
  name = 0xd33510 "KILLTIMEOVERRIDE", 
  value = 0xd33530 "2700"
}
$200 = {
  name = 0xd33550 "TEST_TYPE", 
  value = 0xd33570 "netns"
}
$201 = {
  name = 0xd33590 "TEST_TOPO", 
  value = 0xd335b0 "default"
}
$202 = {
  name = 0xd335d0 "ROUTE_MODE", 
  value = 0xd335f0 "local"
}
$203 = {
  name = 0xd33610 "TEST_ITEMS", 
  value = 0xd26c00 "route_prefix_test route_selector_test route_options_test route_addr_test rule_test "
}

TASK Roles:
$204 = {
  value = 0xd31210 "STANDALONE", 
  systems = 0xd31480 "dell-per720-08.klab.eng.bos.redhat.com"
}

TASK OFFSETS:
$205 = {
  size = 8, 
  mod = 7, 
  mask = 7, 
  nnodes = 0, 
  noccupied = 0, 
  keys = 0xd317a0, 
  hashes = 0xd31b50, 
  values = 0xd317a0, 
  hash_func = 0x634f40 <g_str_hash>, 
  key_equal_func = 0x634f20 <g_str_equal>, 
  ref_count = 1, 
  version = 0, 
  key_destroy_func = 0x64b2a0 <g_free>, 
  value_destroy_func = 0x64b2a0 <g_free>
}


Generated by gdb script 'print_task'   using argument 0xd39590


##--##--##--##--##--##--##--##--##--##--##--##--##--##--
Task ID: 103690370 NAME: Networking route_func: forward
##--##--##--##--##--##--##--##--##--##--##--##--##--##--

$206 = {
  task_id = 0xd33730 "103690370", 
  recipe = 0xd24e70, 
  task_uri = 0xcf6280, 
  name = 0xd33700 "Networking route_func: forward", 
  path = 0xd33810 "/mnt/tests/github.com/CKI-project/tests-beaker/archive/master.zip/networking/route/route_func", 
  fetch_method = TASK_FETCH_UNPACK, 
  fetch = {
    package_name = 0xcf61c0 "煈", 
    url = 0xcf61c0
  }, 
  keepchanges = 0, 
  ssl_verify = 1, 
  params = 0xd306a0, 
  roles = 0xdb4f60, 
  started = 0, 
  finished = 0, 
  localwatchdog = 0, 
  rhts_compat = 0, 
  remaining_time = -1, 
  order = 19, 
  env = 0x0, 
  state = TASK_IDLE, 
  error = 0x0, 
  offsets = 0xd2a0c0, 
  reboots = 0, 
  metadata = 0x0, 
  starttime = 0, 
  endtime = 0
}

TASK URI:
$207 = {
  scheme = 0x8885e2 "http", 
  user = 0x0, 
  password = 0x0, 
  host = 0xd33650 "lab-02.rhts.eng.bos.redhat.com", 
  port = 8000, 
  path = 0xd33770 "//recipes/7694127/tasks/103690370/", 
  query = 0x0, 
  fragment = 0x0
}

TASK PARAMS :
$208 = {
  name = 0xd338a0 "CKI_SUITE_DESCRIPTION", 
  value = 0xd338f0 "Networking route_func tests"
}
$209 = {
  name = 0xd33920 "CKI_CASE_NAME", 
  value = 0xd33940 "Networking route_func: forward"
}
$210 = {
  name = 0xd33970 "CKI_MAINTAINERS", 
  value = 0xd33990 "Jianlin Shi <jishi@redhat.com>, Jianwen Ji <jiji@redhat.com>, Hangbin Liu <haliu@redhat.com>"
}
$211 = {
  name = 0xd33a00 "KILLTIMEOVERRIDE", 
  value = 0xd33a20 "2700"
}
$212 = {
  name = 0xd33a40 "TEST_TYPE", 
  value = 0xd33a60 "netns"
}
$213 = {
  name = 0xd33a80 "TEST_TOPO", 
  value = 0xd33aa0 "default"
}
$214 = {
  name = 0xd33ac0 "ROUTE_MODE", 
  value = 0xd33ae0 "forward"
}
$215 = {
  name = 0xd33b00 "TEST_ITEMS", 
  value = 0xd0ca00 "route_prefix_test route_selector_test route_options_test route_addr_test rule_test "
}

TASK Roles:
$216 = {
  value = 0xd31b00 "STANDALONE", 
  systems = 0xd333d0 "dell-per720-08.klab.eng.bos.redhat.com"
}

TASK OFFSETS:
$217 = {
  size = 8, 
  mod = 7, 
  mask = 7, 
  nnodes = 0, 
  noccupied = 0, 
  keys = 0xd33680, 
  hashes = 0xd336d0, 
  values = 0xd33680, 
  hash_func = 0x634f40 <g_str_hash>, 
  key_equal_func = 0x634f20 <g_str_equal>, 
  ref_count = 1, 
  version = 0, 
  key_destroy_func = 0x64b2a0 <g_free>, 
  value_destroy_func = 0x64b2a0 <g_free>
}


Generated by gdb script 'print_task'   using argument 0xd39640


##--##--##--##--##--##--##--##--##--##--##--##--##--##--
Task ID: 103690371 NAME: Networking TCP: keepalive test
##--##--##--##--##--##--##--##--##--##--##--##--##--##--

$218 = {
  task_id = 0xd33c20 "103690371", 
  recipe = 0xd24e70, 
  task_uri = 0xcf62c0, 
  name = 0xd33bf0 "Networking TCP: keepalive test", 
  path = 0xd33d00 "/mnt/tests/github.com/CKI-project/tests-beaker/archive/master.zip/networking/tcp/tcp_keepalive", 
  fetch_method = TASK_FETCH_UNPACK, 
  fetch = {
    package_name = 0xd1d080 "煈", 
    url = 0xd1d080
  }, 
  keepchanges = 0, 
  ssl_verify = 1, 
  params = 0xd30a40, 
  roles = 0xdb54c0, 
  started = 0, 
  finished = 0, 
  localwatchdog = 0, 
  rhts_compat = 0, 
  remaining_time = -1, 
  order = 20, 
  env = 0x0, 
  state = TASK_IDLE, 
  error = 0x0, 
  offsets = 0xd2a120, 
  reboots = 0, 
  metadata = 0x0, 
  starttime = 0, 
  endtime = 0
}

TASK URI:
$219 = {
  scheme = 0x8885e2 "http", 
  user = 0x0, 
  password = 0x0, 
  host = 0xd33b40 "lab-02.rhts.eng.bos.redhat.com", 
  port = 8000, 
  path = 0xd33c60 "//recipes/7694127/tasks/103690371/", 
  query = 0x0, 
  fragment = 0x0
}

TASK PARAMS :
$220 = {
  name = 0xd33d90 "CKI_SUITE_DESCRIPTION", 
  value = 0xd33de0 "networking/tcp/tcp_keepalive test"
}
$221 = {
  name = 0xd33e10 "CKI_CASE_NAME", 
  value = 0xd33e30 "Networking TCP: keepalive test"
}
$222 = {
  name = 0xd33e60 "CKI_MAINTAINERS", 
  value = 0xd33e80 "Xiumei Mu <xmu@redhat.com>, Jianwen Ji <jiji@redhat.com>, Hangbin Liu <haliu@redhat.com>"
}
$223 = {
  name = 0xd33ef0 "KILLTIMEOVERRIDE", 
  value = 0xd33f10 "1800"
}

TASK Roles:
$224 = {
  value = 0xd33630 "STANDALONE", 
  systems = 0xd338c0 "dell-per720-08.klab.eng.bos.redhat.com"
}

TASK OFFSETS:
$225 = {
  size = 8, 
  mod = 7, 
  mask = 7, 
  nnodes = 0, 
  noccupied = 0, 
  keys = 0xd33b70, 
  hashes = 0xd33bc0, 
  values = 0xd33b70, 
  hash_func = 0x634f40 <g_str_hash>, 
  key_equal_func = 0x634f20 <g_str_equal>, 
  ref_count = 1, 
  version = 0, 
  key_destroy_func = 0x64b2a0 <g_free>, 
  value_destroy_func = 0x64b2a0 <g_free>
}


Generated by gdb script 'print_task'   using argument 0xd396f0


##--##--##--##--##--##--##--##--##--##--##--##--##--##--
Task ID: 103690372 NAME: Networking UDP: socket
##--##--##--##--##--##--##--##--##--##--##--##--##--##--

$226 = {
  task_id = 0xd34020 "103690372", 
  recipe = 0xd24e70, 
  task_uri = 0xd1d0c0, 
  name = 0xd34000 "Networking UDP: socket", 
  path = 0xd34100 "/mnt/tests/github.com/CKI-project/tests-beaker/archive/master.zip/networking/udp/udp_socket", 
  fetch_method = TASK_FETCH_UNPACK, 
  fetch = {
    package_name = 0xd2a880 "煈", 
    url = 0xd2a880
  }, 
  keepchanges = 0, 
  ssl_verify = 1, 
  params = 0xd3ae60, 
  roles = 0xcf5440, 
  started = 0, 
  finished = 0, 
  localwatchdog = 0, 
  rhts_compat = 0, 
  remaining_time = -1, 
  order = 21, 
  env = 0x0, 
  state = TASK_IDLE, 
  error = 0x0, 
  offsets = 0xd2a180, 
  reboots = 0, 
  metadata = 0x0, 
  starttime = 0, 
  endtime = 0
}

TASK URI:
$227 = {
  scheme = 0x8885e2 "http", 
  user = 0x0, 
  password = 0x0, 
  host = 0xd33f50 "lab-02.rhts.eng.bos.redhat.com", 
  port = 8000, 
  path = 0xd34060 "//recipes/7694127/tasks/103690372/", 
  query = 0x0, 
  fragment = 0x0
}

TASK PARAMS :
$228 = {
  name = 0xd34190 "CKI_SUITE_DESCRIPTION", 
  value = 0xd341e0 "Networking UDP socket testing"
}
$229 = {
  name = 0xd34210 "CKI_CASE_NAME", 
  value = 0xd34230 "Networking UDP: socket"
}
$230 = {
  name = 0xd34250 "CKI_MAINTAINERS", 
  value = 0xd34270 "Yi Chen <yiche@redhat.com>, Jianwen Ji <jiji@redhat.com>, Hangbin Liu <haliu@redhat.com>"
}
$231 = {
  name = 0xd342e0 "KILLTIMEOVERRIDE", 
  value = 0xd34300 "1800"
}

TASK Roles:
$232 = {
  value = 0xd33b20 "STANDALONE", 
  systems = 0xd33db0 "dell-per720-08.klab.eng.bos.redhat.com"
}

TASK OFFSETS:
$233 = {
  size = 8, 
  mod = 7, 
  mask = 7, 
  nnodes = 0, 
  noccupied = 0, 
  keys = 0xd33f80, 
  hashes = 0xd33fd0, 
  values = 0xd33f80, 
  hash_func = 0x634f40 <g_str_hash>, 
  key_equal_func = 0x634f20 <g_str_equal>, 
  ref_count = 1, 
  version = 0, 
  key_destroy_func = 0x64b2a0 <g_free>, 
  value_destroy_func = 0x64b2a0 <g_free>
}


Generated by gdb script 'print_task'   using argument 0xd32020


##--##--##--##--##--##--##--##--##--##--##--##--##--##--
Task ID: 103690373 NAME: Networking tunnel: geneve basic test
##--##--##--##--##--##--##--##--##--##--##--##--##--##--

$234 = {
  task_id = 0xd34420 "103690373", 
  recipe = 0xd24e70, 
  task_uri = 0xd1d300, 
  name = 0xd343f0 "Networking tunnel: geneve basic test", 
  path = 0xd34500 "/mnt/tests/github.com/CKI-project/tests-beaker/archive/master.zip/networking/tunnel/geneve/basic", 
  fetch_method = TASK_FETCH_UNPACK, 
  fetch = {
    package_name = 0xd1d4c0 "煈", 
    url = 0xd1d4c0
  }, 
  keepchanges = 0, 
  ssl_verify = 1, 
  params = 0xd30aa0, 
  roles = 0xdb58e0, 
  started = 0, 
  finished = 0, 
  localwatchdog = 0, 
  rhts_compat = 0, 
  remaining_time = -1, 
  order = 22, 
  env = 0x0, 
  state = TASK_IDLE, 
  error = 0x0, 
  offsets = 0xd2a1e0, 
  reboots = 0, 
  metadata = 0x0, 
  starttime = 0, 
  endtime = 0
}

TASK URI:
$235 = {
  scheme = 0x8885e2 "http", 
  user = 0x0, 
  password = 0x0, 
  host = 0xd34340 "lab-02.rhts.eng.bos.redhat.com", 
  port = 8000, 
  path = 0xd34460 "//recipes/7694127/tasks/103690373/", 
  query = 0x0, 
  fragment = 0x0
}

TASK PARAMS :
$236 = {
  name = 0xda8c60 "CKI_SUITE_DESCRIPTION", 
  value = 0xda8c80 "networking tunnel geneve basic test"
}
$237 = {
  name = 0xda8cb0 "CKI_CASE_NAME", 
  value = 0xda8cd0 "Networking tunnel: geneve basic test"
}
$238 = {
  name = 0xda8d00 "CKI_MAINTAINERS", 
  value = 0xda8d20 "Jianlin Shi <jishi@redhat.com>, Jianwen Ji <jiji@redhat.com>, Hangbin Liu <haliu@redhat.com>"
}
$239 = {
  name = 0xda8d90 "KILLTIMEOVERRIDE", 
  value = 0xda8db0 "1800"
}

TASK Roles:
$240 = {
  value = 0xd33f30 "STANDALONE", 
  systems = 0xd341b0 "dell-per720-08.klab.eng.bos.redhat.com"
}

TASK OFFSETS:
$241 = {
  size = 8, 
  mod = 7, 
  mask = 7, 
  nnodes = 0, 
  noccupied = 0, 
  keys = 0xd34370, 
  hashes = 0xd343c0, 
  values = 0xd34370, 
  hash_func = 0x634f40 <g_str_hash>, 
  key_equal_func = 0x634f20 <g_str_equal>, 
  ref_count = 1, 
  version = 0, 
  key_destroy_func = 0x64b2a0 <g_free>, 
  value_destroy_func = 0x64b2a0 <g_free>
}


Generated by gdb script 'print_task'   using argument 0xd320d0


##--##--##--##--##--##--##--##--##--##--##--##--##--##--
Task ID: 103690374 NAME: Networking tunnel: gre basic
##--##--##--##--##--##--##--##--##--##--##--##--##--##--

$242 = {
  task_id = 0xda8ed0 "103690374", 
  recipe = 0xd24e70, 
  task_uri = 0xd2b280, 
  name = 0xda8ea0 "Networking tunnel: gre basic", 
  path = 0xda8ef0 "/mnt/tests/github.com/CKI-project/tests-beaker/archive/master.zip/networking/tunnel/gre/basic", 
  fetch_method = TASK_FETCH_UNPACK, 
  fetch = {
    package_name = 0xd2b2c0 "煈", 
    url = 0xd2b2c0
  }, 
  keepchanges = 0, 
  ssl_verify = 1, 
  params = 0xd30ba0, 
  roles = 0xdb4fa0, 
  started = 0, 
  finished = 0, 
  localwatchdog = 0, 
  rhts_compat = 0, 
  remaining_time = -1, 
  order = 23, 
  env = 0x0, 
  state = TASK_IDLE, 
  error = 0x0, 
  offsets = 0xd2a240, 
  reboots = 0, 
  metadata = 0x0, 
  starttime = 0, 
  endtime = 0
}

TASK URI:
$243 = {
  scheme = 0x8885e2 "http", 
  user = 0x0, 
  password = 0x0, 
  host = 0xda8df0 "lab-02.rhts.eng.bos.redhat.com", 
  port = 8000, 
  path = 0xda9740 "//recipes/7694127/tasks/103690374/", 
  query = 0x0, 
  fragment = 0x0
}

TASK PARAMS :
$244 = {
  name = 0xda97e0 "CKI_SUITE_DESCRIPTION", 
  value = 0xda9f80 "networking tunnel gre basic"
}
$245 = {
  name = 0xda9fb0 "CKI_CASE_NAME", 
  value = 0xda9fd0 "Networking tunnel: gre basic"
}
$246 = {
  name = 0xdaa000 "CKI_MAINTAINERS", 
  value = 0xdaa020 "Jianlin Shi <jishi@redhat.com>, Jianwen Ji <jiji@redhat.com>, Hangbin Liu <haliu@redhat.com>"
}
$247 = {
  name = 0xdaa090 "KILLTIMEOVERRIDE", 
  value = 0xdaa0b0 "1800"
}

TASK Roles:
$248 = {
  value = 0xd34320 "STANDALONE", 
  systems = 0xd34590 "dell-per720-08.klab.eng.bos.redhat.com"
}

TASK OFFSETS:
$249 = {
  size = 8, 
  mod = 7, 
  mask = 7, 
  nnodes = 0, 
  noccupied = 0, 
  keys = 0xda8e20, 
  hashes = 0xda8e70, 
  values = 0xda8e20, 
  hash_func = 0x634f40 <g_str_hash>, 
  key_equal_func = 0x634f20 <g_str_equal>, 
  ref_count = 1, 
  version = 0, 
  key_destroy_func = 0x64b2a0 <g_free>, 
  value_destroy_func = 0x64b2a0 <g_free>
}


Generated by gdb script 'print_task'   using argument 0xd32180


##--##--##--##--##--##--##--##--##--##--##--##--##--##--
Task ID: 103690375 NAME: L2TP basic test
##--##--##--##--##--##--##--##--##--##--##--##--##--##--

$250 = {
  task_id = 0xdaa1c0 "103690375", 
  recipe = 0xd24e70, 
  task_uri = 0xd2b300, 
  name = 0xdaa1a0 "L2TP basic test", 
  path = 0xdaa2a0 "/mnt/tests/github.com/CKI-project/tests-beaker/archive/master.zip/networking/tunnel/l2tp/basic", 
  fetch_method = TASK_FETCH_UNPACK, 
  fetch = {
    package_name = 0xd2b340 "煈", 
    url = 0xd2b340
  }, 
  keepchanges = 0, 
  ssl_verify = 1, 
  params = 0xda82e0, 
  roles = 0xd30b40, 
  started = 0, 
  finished = 0, 
  localwatchdog = 0, 
  rhts_compat = 0, 
  remaining_time = -1, 
  order = 24, 
  env = 0x0, 
  state = TASK_IDLE, 
  error = 0x0, 
  offsets = 0xd2a2a0, 
  reboots = 0, 
  metadata = 0x0, 
  starttime = 0, 
  endtime = 0
}

TASK URI:
$251 = {
  scheme = 0x8885e2 "http", 
  user = 0x0, 
  password = 0x0, 
  host = 0xdaa0f0 "lab-02.rhts.eng.bos.redhat.com", 
  port = 8000, 
  path = 0xdaa200 "//recipes/7694127/tasks/103690375/", 
  query = 0x0, 
  fragment = 0x0
}

TASK PARAMS :
$252 = {
  name = 0xdaa330 "CKI_SUITE_DESCRIPTION", 
  value = 0xdaa350 "L2TP basic test"
}
$253 = {
  name = 0xdaa370 "CKI_CASE_NAME", 
  value = 0xdaa390 "L2TP basic test"
}
$254 = {
  name = 0xdaa3b0 "CKI_MAINTAINERS", 
  value = 0xdaa400 "Jianlin Shi <jishi@redhat.com>"
}
$255 = {
  name = 0xdaa430 "KILLTIMEOVERRIDE", 
  value = 0xdaa450 "3600"
}

TASK Roles:
$256 = {
  value = 0xda8dd0 "STANDALONE", 
  systems = 0xda9f50 "dell-per720-08.klab.eng.bos.redhat.com"
}

TASK OFFSETS:
$257 = {
  size = 8, 
  mod = 7, 
  mask = 7, 
  nnodes = 0, 
  noccupied = 0, 
  keys = 0xdaa120, 
  hashes = 0xdaa170, 
  values = 0xdaa120, 
  hash_func = 0x634f40 <g_str_hash>, 
  key_equal_func = 0x634f20 <g_str_equal>, 
  ref_count = 1, 
  version = 0, 
  key_destroy_func = 0x64b2a0 <g_free>, 
  value_destroy_func = 0x64b2a0 <g_free>
}


Generated by gdb script 'print_task'   using argument 0xd32230


##--##--##--##--##--##--##--##--##--##--##--##--##--##--
Task ID: 103690376 NAME: Networking tunnel: vxlan basic
##--##--##--##--##--##--##--##--##--##--##--##--##--##--

$258 = {
  task_id = 0xdaa570 "103690376", 
  recipe = 0xd24e70, 
  task_uri = 0xd2b380, 
  name = 0xdaa540 "Networking tunnel: vxlan basic", 
  path = 0xdaa650 "/mnt/tests/github.com/CKI-project/tests-beaker/archive/master.zip/networking/tunnel/vxlan/basic", 
  fetch_method = TASK_FETCH_UNPACK, 
  fetch = {
    package_name = 0xda9000 "煈", 
    url = 0xda9000
  }, 
  keepchanges = 0, 
  ssl_verify = 1, 
  params = 0xda8420, 
  roles = 0xd3b2c0, 
  started = 0, 
  finished = 0, 
  localwatchdog = 0, 
  rhts_compat = 0, 
  remaining_time = -1, 
  order = 25, 
  env = 0x0, 
  state = TASK_IDLE, 
  error = 0x0, 
  offsets = 0xd2a300, 
  reboots = 0, 
  metadata = 0x0, 
  starttime = 0, 
  endtime = 0
}

TASK URI:
$259 = {
  scheme = 0x8885e2 "http", 
  user = 0x0, 
  password = 0x0, 
  host = 0xdaa490 "lab-02.rhts.eng.bos.redhat.com", 
  port = 8000, 
  path = 0xdaa5b0 "//recipes/7694127/tasks/103690376/", 
  query = 0x0, 
  fragment = 0x0
}

TASK PARAMS :
$260 = {
  name = 0xdaa6e0 "CKI_SUITE_DESCRIPTION", 
  value = 0xdaa730 "Networking tunnel: vxlan basic test"
}
$261 = {
  name = 0xdaa760 "CKI_CASE_NAME", 
  value = 0xdaa780 "Networking tunnel: vxlan basic"
}
$262 = {
  name = 0xdaa7b0 "CKI_MAINTAINERS", 
  value = 0xdaa7d0 "Jianlin Shi <jishi@redhat.com>, Jianwen Ji <jiji@redhat.com>, Hangbin Liu <haliu@redhat.com>"
}
$263 = {
  name = 0xdaa840 "KILLTIMEOVERRIDE", 
  value = 0xdaa860 "1800"
}

TASK Roles:
$264 = {
  value = 0xdaa0d0 "STANDALONE", 
  systems = 0xdaa3d0 "dell-per720-08.klab.eng.bos.redhat.com"
}

TASK OFFSETS:
$265 = {
  size = 8, 
  mod = 7, 
  mask = 7, 
  nnodes = 0, 
  noccupied = 0, 
  keys = 0xdaa4c0, 
  hashes = 0xdaa510, 
  values = 0xdaa4c0, 
  hash_func = 0x634f40 <g_str_hash>, 
  key_equal_func = 0x634f20 <g_str_equal>, 
  ref_count = 1, 
  version = 0, 
  key_destroy_func = 0x64b2a0 <g_free>, 
  value_destroy_func = 0x64b2a0 <g_free>
}


Generated by gdb script 'print_task'   using argument 0xd322e0


##--##--##--##--##--##--##--##--##--##--##--##--##--##--
Task ID: 103690377 NAME: pciutils: sanity smoke test
##--##--##--##--##--##--##--##--##--##--##--##--##--##--

$266 = {
  task_id = 0xdaa980 "103690377", 
  recipe = 0xd24e70, 
  task_uri = 0xda9040, 
  name = 0xdaa950 "pciutils: sanity smoke test", 
  path = 0xdaaa30 "/mnt/tests/github.com/CKI-project/tests-beaker/archive/master.zip/pciutils/sanity-smoke", 
  fetch_method = TASK_FETCH_UNPACK, 
  fetch = {
    package_name = 0xda9080 "煈", 
    url = 0xda9080
  }, 
  keepchanges = 0, 
  ssl_verify = 1, 
  params = 0xda8520, 
  roles = 0xd3b260, 
  started = 0, 
  finished = 0, 
  localwatchdog = 0, 
  rhts_compat = 0, 
  remaining_time = -1, 
  order = 26, 
  env = 0x0, 
  state = TASK_IDLE, 
  error = 0x0, 
  offsets = 0xd2a360, 
  reboots = 0, 
  metadata = 0x0, 
  starttime = 0, 
  endtime = 0
}

TASK URI:
$267 = {
  scheme = 0x8885e2 "http", 
  user = 0x0, 
  password = 0x0, 
  host = 0xdaa8a0 "lab-02.rhts.eng.bos.redhat.com", 
  port = 8000, 
  path = 0xdaa9c0 "//recipes/7694127/tasks/103690377/", 
  query = 0x0, 
  fragment = 0x0
}

TASK PARAMS :
$268 = {
  name = 0xdaaf40 "CKI_SUITE_DESCRIPTION", 
  value = 0xdaaf90 "pciutils Sanity Smoke test"
}
$269 = {
  name = 0xdaafc0 "CKI_CASE_NAME", 
  value = 0xdaacf0 "pciutils: sanity smoke test"
}
$270 = {
  name = 0xdaafe0 "CKI_MAINTAINERS", 
  value = 0xdaad20 "William Gomeringer <wgomerin@redhat.com>"
}
$271 = {
  name = 0xdaad60 "KILLTIMEOVERRIDE", 
  value = 0xdaad80 "1200"
}

TASK Roles:
$272 = {
  value = 0xdaa470 "STANDALONE", 
  systems = 0xdaa700 "dell-per720-08.klab.eng.bos.redhat.com"
}

TASK OFFSETS:
$273 = {
  size = 8, 
  mod = 7, 
  mask = 7, 
  nnodes = 0, 
  noccupied = 0, 
  keys = 0xdaa8d0, 
  hashes = 0xdaa920, 
  values = 0xdaa8d0, 
  hash_func = 0x634f40 <g_str_hash>, 
  key_equal_func = 0x634f20 <g_str_equal>, 
  ref_count = 1, 
  version = 0, 
  key_destroy_func = 0x64b2a0 <g_free>, 
  value_destroy_func = 0x64b2a0 <g_free>
}


Generated by gdb script 'print_task'   using argument 0xd32390


##--##--##--##--##--##--##--##--##--##--##--##--##--##--
Task ID: 103690378 NAME: pciutils: update pci ids test
##--##--##--##--##--##--##--##--##--##--##--##--##--##--

$274 = {
  task_id = 0xdab460 "103690378", 
  recipe = 0xd24e70, 
  task_uri = 0xda90c0, 
  name = 0xdab430 "pciutils: update pci ids test", 
  path = 0xdab500 "/mnt/tests/github.com/CKI-project/tests-beaker/archive/master.zip/pciutils/update-pciids", 
  fetch_method = TASK_FETCH_UNPACK, 
  fetch = {
    package_name = 0xda9100 "煈", 
    url = 0xda9100
  }, 
  keepchanges = 0, 
  ssl_verify = 1, 
  params = 0xda8a60, 
  roles = 0xd30a00, 
  started = 0, 
  finished = 0, 
  localwatchdog = 0, 
  rhts_compat = 0, 
  remaining_time = -1, 
  order = 27, 
  env = 0x0, 
  state = TASK_IDLE, 
  error = 0x0, 
  offsets = 0xd32c00, 
  reboots = 0, 
  metadata = 0x0, 
  starttime = 0, 
  endtime = 0
}

TASK URI:
$275 = {
  scheme = 0x8885e2 "http", 
  user = 0x0, 
  password = 0x0, 
  host = 0xdab400 "lab-02.rhts.eng.bos.redhat.com", 
  port = 8000, 
  path = 0xdab4a0 "//recipes/7694127/tasks/103690378/", 
  query = 0x0, 
  fragment = 0x0
}

TASK PARAMS :
$276 = {
  name = 0xdac3b0 "CKI_SUITE_DESCRIPTION", 
  value = 0xdac3d0 "pciutils update pci ids"
}
$277 = {
  name = 0xdac3f0 "CKI_CASE_NAME", 
  value = 0xdac440 "pciutils: update pci ids test"
}
$278 = {
  name = 0xdac470 "CKI_MAINTAINERS", 
  value = 0xdac490 "William Gomeringer <wgomerin@redhat.com>"
}
$279 = {
  name = 0xdac4d0 "KILLTIMEOVERRIDE", 
  value = 0xdac4f0 "1200"
}

TASK Roles:
$280 = {
  value = 0xdaa880 "STANDALONE", 
  systems = 0xdaaf60 "dell-per720-08.klab.eng.bos.redhat.com"
}

TASK OFFSETS:
$281 = {
  size = 8, 
  mod = 7, 
  mask = 7, 
  nnodes = 0, 
  noccupied = 0, 
  keys = 0xdab380, 
  hashes = 0xdab3d0, 
  values = 0xdab380, 
  hash_func = 0x634f40 <g_str_hash>, 
  key_equal_func = 0x634f20 <g_str_equal>, 
  ref_count = 1, 
  version = 0, 
  key_destroy_func = 0x64b2a0 <g_free>, 
  value_destroy_func = 0x64b2a0 <g_free>
}


Generated by gdb script 'print_task'   using argument 0xd32440


##--##--##--##--##--##--##--##--##--##--##--##--##--##--
Task ID: 103690379 NAME: storage: SCSI VPD
##--##--##--##--##--##--##--##--##--##--##--##--##--##--

$282 = {
  task_id = 0xdac600 "103690379", 
  recipe = 0xd24e70, 
  task_uri = 0xda9140, 
  name = 0xdac5e0 "storage: SCSI VPD", 
  path = 0xdac670 "/mnt/tests/github.com/CKI-project/tests-beaker/archive/master.zip/storage/scsi/vpd", 
  fetch_method = TASK_FETCH_UNPACK, 
  fetch = {
    package_name = 0xda9180 "煈", 
    url = 0xda9180
  }, 
  keepchanges = 0, 
  ssl_verify = 1, 
  params = 0xda8b60, 
  roles = 0xd30640, 
  started = 0, 
  finished = 0, 
  localwatchdog = 0, 
  rhts_compat = 0, 
  remaining_time = -1, 
  order = 28, 
  env = 0x0, 
  state = TASK_IDLE, 
  error = 0x0, 
  offsets = 0xd32c60, 
  reboots = 0, 
  metadata = 0x0, 
  starttime = 0, 
  endtime = 0
}

TASK URI:
$283 = {
  scheme = 0x8885e2 "http", 
  user = 0x0, 
  password = 0x0, 
  host = 0xdac530 "lab-02.rhts.eng.bos.redhat.com", 
  port = 8000, 
  path = 0xdac640 "//recipes/7694127/tasks/103690379/", 
  query = 0x0, 
  fragment = 0x0
}

TASK PARAMS :
$284 = {
  name = 0xdac720 "CKI_SUITE_DESCRIPTION", 
  value = 0xdac740 "Storage SCSI VPD Tests"
}
$285 = {
  name = 0xdac760 "CKI_CASE_NAME", 
  value = 0xdac780 "storage: SCSI VPD"
}
$286 = {
  name = 0xdac7a0 "CKI_MAINTAINERS", 
  value = 0xdac7f0 "Guangwu Zhang <guazhang@redhat.com>"
}
$287 = {
  name = 0xdac820 "KILLTIMEOVERRIDE", 
  value = 0xdac840 "600"
}

TASK Roles:
$288 = {
  value = 0xdaada0 "STANDALONE", 
  systems = 0xdac410 "dell-per720-08.klab.eng.bos.redhat.com"
}

TASK OFFSETS:
$289 = {
  size = 8, 
  mod = 7, 
  mask = 7, 
  nnodes = 0, 
  noccupied = 0, 
  keys = 0xdac560, 
  hashes = 0xdac5b0, 
  values = 0xdac560, 
  hash_func = 0x634f40 <g_str_hash>, 
  key_equal_func = 0x634f20 <g_str_equal>, 
  ref_count = 1, 
  version = 0, 
  key_destroy_func = 0x64b2a0 <g_free>, 
  value_destroy_func = 0x64b2a0 <g_free>
}


Generated by gdb script 'print_task'   using argument 0xd324f0


##--##--##--##--##--##--##--##--##--##--##--##--##--##--
Task ID: 103690380 NAME: stress: stress-ng
##--##--##--##--##--##--##--##--##--##--##--##--##--##--

$290 = {
  task_id = 0xdac950 "103690380", 
  recipe = 0xd24e70, 
  task_uri = 0xda91c0, 
  name = 0xdac930 "stress: stress-ng", 
  path = 0xdaca00 "/mnt/tests/github.com/CKI-project/tests-beaker/archive/master.zip/stress/stress-ng", 
  fetch_method = TASK_FETCH_UNPACK, 
  fetch = {
    package_name = 0xda9200 "煈", 
    url = 0xda9200
  }, 
  keepchanges = 0, 
  ssl_verify = 1, 
  params = 0xda8360, 
  roles = 0xd3b280, 
  started = 0, 
  finished = 0, 
  localwatchdog = 0, 
  rhts_compat = 0, 
  remaining_time = -1, 
  order = 29, 
  env = 0x0, 
  state = TASK_IDLE, 
  error = 0x0, 
  offsets = 0xd32cc0, 
  reboots = 0, 
  metadata = 0x0, 
  starttime = 0, 
  endtime = 0
}

TASK URI:
$291 = {
  scheme = 0x8885e2 "http", 
  user = 0x0, 
  password = 0x0, 
  host = 0xdac880 "lab-02.rhts.eng.bos.redhat.com", 
  port = 8000, 
  path = 0xdac990 "//recipes/7694127/tasks/103690380/", 
  query = 0x0, 
  fragment = 0x0
}

TASK PARAMS :
$292 = {
  name = 0xdacab0 "CKI_SUITE_DESCRIPTION", 
  value = 0xdacad0 "stress: stress-ng test"
}
$293 = {
  name = 0xdacaf0 "CKI_CASE_NAME", 
  value = 0xdacb10 "stress: stress-ng"
}
$294 = {
  name = 0xdacb30 "CKI_MAINTAINERS", 
  value = 0xdacb80 "Jeff Bastian <jbastian@redhat.com>"
}
$295 = {
  name = 0xdacbb0 "KILLTIMEOVERRIDE", 
  value = 0xdacbd0 "7200"
}
$296 = {
  name = 0xdacbf0 "TIMEOUT", 
  value = 0xdacc10 "5"
}

TASK Roles:
$297 = {
  value = 0xdac510 "STANDALONE", 
  systems = 0xdac7c0 "dell-per720-08.klab.eng.bos.redhat.com"
}

TASK OFFSETS:
$298 = {
  size = 8, 
  mod = 7, 
  mask = 7, 
  nnodes = 0, 
  noccupied = 0, 
  keys = 0xdac8b0, 
  hashes = 0xdac900, 
  values = 0xdac8b0, 
  hash_func = 0x634f40 <g_str_hash>, 
  key_equal_func = 0x634f20 <g_str_equal>, 
  ref_count = 1, 
  version = 0, 
  key_destroy_func = 0x64b2a0 <g_free>, 
  value_destroy_func = 0x64b2a0 <g_free>
}


Generated by gdb script 'print_task'   using argument 0xd325a0


##--##--##--##--##--##--##--##--##--##--##--##--##--##--
Task ID: 103690381 NAME: trace: ftrace/tracer
##--##--##--##--##--##--##--##--##--##--##--##--##--##--

$299 = {
  task_id = 0xdacd20 "103690381", 
  recipe = 0xd24e70, 
  task_uri = 0xda9240, 
  name = 0xdacd00 "trace: ftrace/tracer", 
  path = 0xdacdd0 "/mnt/tests/github.com/CKI-project/tests-beaker/archive/master.zip/trace/ftrace/tracer", 
  fetch_method = TASK_FETCH_UNPACK, 
  fetch = {
    package_name = 0xda9280 "煈", 
    url = 0xda9280
  }, 
  keepchanges = 0, 
  ssl_verify = 1, 
  params = 0xda85a0, 
  roles = 0xd3af20, 
  started = 0, 
  finished = 0, 
  localwatchdog = 0, 
  rhts_compat = 0, 
  remaining_time = -1, 
  order = 30, 
  env = 0x0, 
  state = TASK_IDLE, 
  error = 0x0, 
  offsets = 0xd32d20, 
  reboots = 0, 
  metadata = 0x0, 
  starttime = 0, 
  endtime = 0
}

TASK URI:
$300 = {
  scheme = 0x8885e2 "http", 
  user = 0x0, 
  password = 0x0, 
  host = 0xdacc50 "lab-02.rhts.eng.bos.redhat.com", 
  port = 8000, 
  path = 0xdacd60 "//recipes/7694127/tasks/103690381/", 
  query = 0x0, 
  fragment = 0x0
}

TASK PARAMS :
$301 = {
  name = 0xdace80 "CKI_SUITE_DESCRIPTION", 
  value = 0xdaced0 "Enable ftrace tracers test"
}
$302 = {
  name = 0xdacf00 "CKI_CASE_NAME", 
  value = 0xdacf20 "trace: ftrace/tracer"
}
$303 = {
  name = 0xdad370 "CKI_MAINTAINERS", 
  value = 0xdacea0 "Ziqian Sun <zsun@redhat.com>"
}
$304 = {
  name = 0xdad390 "KILLTIMEOVERRIDE", 
  value = 0xdad3b0 "3600"
}

TASK Roles:
$305 = {
  value = 0xdac860 "STANDALONE", 
  systems = 0xdacb50 "dell-per720-08.klab.eng.bos.redhat.com"
}

TASK OFFSETS:
$306 = {
  size = 8, 
  mod = 7, 
  mask = 7, 
  nnodes = 0, 
  noccupied = 0, 
  keys = 0xdacc80, 
  hashes = 0xdaccd0, 
  values = 0xdacc80, 
  hash_func = 0x634f40 <g_str_hash>, 
  key_equal_func = 0x634f20 <g_str_equal>, 
  ref_count = 1, 
  version = 0, 
  key_destroy_func = 0x64b2a0 <g_free>, 
  value_destroy_func = 0x64b2a0 <g_free>
}


Generated by gdb script 'print_task'   using argument 0xd32650


##--##--##--##--##--##--##--##--##--##--##--##--##--##--
Task ID: 103690382 NAME: Tracepoints: operational test
##--##--##--##--##--##--##--##--##--##--##--##--##--##--

$307 = {
  task_id = 0xdae0e0 "103690382", 
  recipe = 0xd24e70, 
  task_uri = 0xda92c0, 
  name = 0xdae0b0 "Tracepoints: operational test", 
  path = 0xdae1c0 "/mnt/tests/github.com/CKI-project/tests-beaker/archive/master.zip/tracepoints/operational", 
  fetch_method = TASK_FETCH_UNPACK, 
  fetch = {
    package_name = 0xda9300 "煈", 
    url = 0xda9300
  }, 
  keepchanges = 0, 
  ssl_verify = 1, 
  params = 0xdad0a0, 
  roles = 0xd3ae20, 
  started = 0, 
  finished = 0, 
  localwatchdog = 0, 
  rhts_compat = 0, 
  remaining_time = -1, 
  order = 31, 
  env = 0x0, 
  state = TASK_IDLE, 
  error = 0x0, 
  offsets = 0xd32d80, 
  reboots = 0, 
  metadata = 0x0, 
  starttime = 0, 
  endtime = 0
}

TASK URI:
$308 = {
  scheme = 0x8885e2 "http", 
  user = 0x0, 
  password = 0x0, 
  host = 0xdae000 "lab-02.rhts.eng.bos.redhat.com", 
  port = 8000, 
  path = 0xdae120 "//recipes/7694127/tasks/103690382/", 
  query = 0x0, 
  fragment = 0x0
}

TASK PARAMS :
$309 = {
  name = 0xdae250 "CKI_SUITE_DESCRIPTION", 
  value = 0xdae2a0 "Tracepoints operational test"
}
$310 = {
  name = 0xdae2d0 "CKI_CASE_NAME", 
  value = 0xdae2f0 "Tracepoints: operational test"
}
$311 = {
  name = 0xdae320 "CKI_MAINTAINERS", 
  value = 0xdae340 "Jeff Bastian <jbastian@redhat.com>"
}
$312 = {
  name = 0xdae370 "KILLTIMEOVERRIDE", 
  value = 0xdae390 "7200"
}

TASK Roles:
$313 = {
  value = 0xdc45e0 "STANDALONE", 
  systems = 0xdadbd0 "dell-per720-08.klab.eng.bos.redhat.com"
}

TASK OFFSETS:
$314 = {
  size = 8, 
  mod = 7, 
  mask = 7, 
  nnodes = 0, 
  noccupied = 0, 
  keys = 0xdae030, 
  hashes = 0xdae080, 
  values = 0xdae030, 
  hash_func = 0x634f40 <g_str_hash>, 
  key_equal_func = 0x634f20 <g_str_equal>, 
  ref_count = 1, 
  version = 0, 
  key_destroy_func = 0x64b2a0 <g_free>, 
  value_destroy_func = 0x64b2a0 <g_free>
}


Generated by gdb script 'print_task'   using argument 0xd32700


##--##--##--##--##--##--##--##--##--##--##--##--##--##--
Task ID: 103690383 NAME: CIFS Connectathon
##--##--##--##--##--##--##--##--##--##--##--##--##--##--

$315 = {
  task_id = 0xdae4a0 "103690383", 
  recipe = 0xd24e70, 
  task_uri = 0xda9340, 
  name = 0xdae480 "CIFS Connectathon", 
  path = 0xdae580 "/mnt/tests/github.com/CKI-project/tests-beaker/archive/master.zip/filesystems/cifs/connectathon", 
  fetch_method = TASK_FETCH_UNPACK, 
  fetch = {
    package_name = 0xda9380 "煈", 
    url = 0xda9380
  }, 
  keepchanges = 0, 
  ssl_verify = 1, 
  params = 0xdad1a0, 
  roles = 0xd379a0, 
  started = 0, 
  finished = 0, 
  localwatchdog = 0, 
  rhts_compat = 0, 
  remaining_time = -1, 
  order = 32, 
  env = 0x0, 
  state = TASK_IDLE, 
  error = 0x0, 
  offsets = 0xd32de0, 
  reboots = 0, 
  metadata = 0x0, 
  starttime = 0, 
  endtime = 0
}

TASK URI:
$316 = {
  scheme = 0x8885e2 "http", 
  user = 0x0, 
  password = 0x0, 
  host = 0xdae3d0 "lab-02.rhts.eng.bos.redhat.com", 
  port = 8000, 
  path = 0xdae4e0 "//recipes/7694127/tasks/103690383/", 
  query = 0x0, 
  fragment = 0x0
}

TASK PARAMS :
$317 = {
  name = 0xdae610 "CKI_SUITE_DESCRIPTION", 
  value = 0xdae630 "CIFS connectathon"
}
$318 = {
  name = 0xdae650 "CKI_CASE_NAME", 
  value = 0xdae670 "CIFS Connectathon"
}
$319 = {
  name = 0xdae690 "CKI_WAIVED", 
  value = 0xdae6b0 "True"
}
$320 = {
  name = 0xdae6d0 "CKI_MAINTAINERS", 
  value = 0xdae720 "Jianhong Yin <jiyin@redhat.com>"
}
$321 = {
  name = 0xdae750 "KILLTIMEOVERRIDE", 
  value = 0xdae770 "5400"
}

TASK Roles:
$322 = {
  value = 0xdacc30 "STANDALONE", 
  systems = 0xdae270 "dell-per720-08.klab.eng.bos.redhat.com"
}

TASK OFFSETS:
$323 = {
  size = 8, 
  mod = 7, 
  mask = 7, 
  nnodes = 0, 
  noccupied = 0, 
  keys = 0xdae400, 
  hashes = 0xdae450, 
  values = 0xdae400, 
  hash_func = 0x634f40 <g_str_hash>, 
  key_equal_func = 0x634f20 <g_str_equal>, 
  ref_count = 1, 
  version = 0, 
  key_destroy_func = 0x64b2a0 <g_free>, 
  value_destroy_func = 0x64b2a0 <g_free>
}


Generated by gdb script 'print_task'   using argument 0xdab810


##--##--##--##--##--##--##--##--##--##--##--##--##--##--
Task ID: 103690384 NAME: POSIX pjd-fstest suites
##--##--##--##--##--##--##--##--##--##--##--##--##--##--

$324 = {
  task_id = 0xdae880 "103690384", 
  recipe = 0xd24e70, 
  task_uri = 0xda9800, 
  name = 0xdae860 "POSIX pjd-fstest suites", 
  path = 0xdae960 "/mnt/tests/github.com/CKI-project/tests-beaker/archive/master.zip/filesystems/general/pjd-fstest", 
  fetch_method = TASK_FETCH_UNPACK, 
  fetch = {
    package_name = 0xda9840 "煈", 
    url = 0xda9840
  }, 
  keepchanges = 0, 
  ssl_verify = 1, 
  params = 0xdad500, 
  roles = 0xd37640, 
  started = 0, 
  finished = 0, 
  localwatchdog = 0, 
  rhts_compat = 0, 
  remaining_time = -1, 
  order = 33, 
  env = 0x0, 
  state = TASK_IDLE, 
  error = 0x0, 
  offsets = 0xd32e40, 
  reboots = 0, 
  metadata = 0x0, 
  starttime = 0, 
  endtime = 0
}

TASK URI:
$325 = {
  scheme = 0x8885e2 "http", 
  user = 0x0, 
  password = 0x0, 
  host = 0xdae7b0 "lab-02.rhts.eng.bos.redhat.com", 
  port = 8000, 
  path = 0xdae8c0 "//recipes/7694127/tasks/103690384/", 
  query = 0x0, 
  fragment = 0x0
}

TASK PARAMS :
$326 = {
  name = 0xdae9f0 "CKI_SUITE_DESCRIPTION", 
  value = 0xdaea40 "pjd-fstest filesystem test"
}
$327 = {
  name = 0xdaea70 "CKI_CASE_NAME", 
  value = 0xdaea90 "POSIX pjd-fstest suites"
}
$328 = {
  name = 0xdaeab0 "CKI_WAIVED", 
  value = 0xdaead0 "True"
}
$329 = {
  name = 0xdaeaf0 "CKI_MAINTAINERS", 
  value = 0xdaeb10 "Zorro Lang <zlong@redhat.com>"
}
$330 = {
  name = 0xdaeb40 "KILLTIMEOVERRIDE", 
  value = 0xdaeb60 "5400"
}

TASK Roles:
$331 = {
  value = 0xdae3b0 "STANDALONE", 
  systems = 0xdae6f0 "dell-per720-08.klab.eng.bos.redhat.com"
}

TASK OFFSETS:
$332 = {
  size = 8, 
  mod = 7, 
  mask = 7, 
  nnodes = 0, 
  noccupied = 0, 
  keys = 0xdae7e0, 
  hashes = 0xdae830, 
  values = 0xdae7e0, 
  hash_func = 0x634f40 <g_str_hash>, 
  key_equal_func = 0x634f20 <g_str_equal>, 
  ref_count = 1, 
  version = 0, 
  key_destroy_func = 0x64b2a0 <g_free>, 
  value_destroy_func = 0x64b2a0 <g_free>
}


Generated by gdb script 'print_task'   using argument 0xdab8c0


##--##--##--##--##--##--##--##--##--##--##--##--##--##--
Task ID: 103690385 NAME: NFS Connectathon
##--##--##--##--##--##--##--##--##--##--##--##--##--##--

$333 = {
  task_id = 0xdaec70 "103690385", 
  recipe = 0xd24e70, 
  task_uri = 0xda9880, 
  name = 0xdaec50 "NFS Connectathon", 
  path = 0xdaed50 "/mnt/tests/github.com/CKI-project/tests-beaker/archive/master.zip/filesystems/nfs/connectathon", 
  fetch_method = TASK_FETCH_UNPACK, 
  fetch = {
    package_name = 0xda98c0 "煈", 
    url = 0xda98c0
  }, 
  keepchanges = 0, 
  ssl_verify = 1, 
  params = 0xdad860, 
  roles = 0xd37ee0, 
  started = 0, 
  finished = 0, 
  localwatchdog = 0, 
  rhts_compat = 0, 
  remaining_time = -1, 
  order = 34, 
  env = 0x0, 
  state = TASK_IDLE, 
  error = 0x0, 
  offsets = 0xd32ea0, 
  reboots = 0, 
  metadata = 0x0, 
  starttime = 0, 
  endtime = 0
}

TASK URI:
$334 = {
  scheme = 0x8885e2 "http", 
  user = 0x0, 
  password = 0x0, 
  host = 0xdaeba0 "lab-02.rhts.eng.bos.redhat.com", 
  port = 8000, 
  path = 0xdaecb0 "//recipes/7694127/tasks/103690385/", 
  query = 0x0, 
  fragment = 0x0
}

TASK PARAMS :
$335 = {
  name = 0xdaede0 "CKI_SUITE_DESCRIPTION", 
  value = 0xdaee00 "nfs connectathon"
}
$336 = {
  name = 0xdaee20 "CKI_CASE_NAME", 
  value = 0xdaee40 "NFS Connectathon"
}
$337 = {
  name = 0xdaee60 "CKI_WAIVED", 
  value = 0xdaee80 "True"
}
$338 = {
  name = 0xdaeea0 "CKI_MAINTAINERS", 
  value = 0xdaeef0 "Jianhong Yin <jiyin@redhat.com>"
}
$339 = {
  name = 0xdaef20 "KILLTIMEOVERRIDE", 
  value = 0xdaef40 "8640"
}
$340 = {
  name = 0xdaef60 "CI", 
  value = 0xdaef80 "yes"
}

TASK Roles:
$341 = {
  value = 0xdae790 "STANDALONE", 
  systems = 0xdaea10 "dell-per720-08.klab.eng.bos.redhat.com"
}

TASK OFFSETS:
$342 = {
  size = 8, 
  mod = 7, 
  mask = 7, 
  nnodes = 0, 
  noccupied = 0, 
  keys = 0xdaebd0, 
  hashes = 0xdaec20, 
  values = 0xdaebd0, 
  hash_func = 0x634f40 <g_str_hash>, 
  key_equal_func = 0x634f20 <g_str_equal>, 
  ref_count = 1, 
  version = 0, 
  key_destroy_func = 0x64b2a0 <g_free>, 
  value_destroy_func = 0x64b2a0 <g_free>
}


Generated by gdb script 'print_task'   using argument 0xdab970


##--##--##--##--##--##--##--##--##--##--##--##--##--##--
Task ID: 103690386 NAME: LTP: openposix test suite
##--##--##--##--##--##--##--##--##--##--##--##--##--##--

$343 = {
  task_id = 0xdaf050 "103690386", 
  recipe = 0xd24e70, 
  task_uri = 0xda9900, 
  name = 0xdaf020 "LTP: openposix test suite", 
  path = 0xdaf130 "/mnt/tests/github.com/CKI-project/tests-beaker/archive/master.zip/distribution/ltp/openposix_testsuite", 
  fetch_method = TASK_FETCH_UNPACK, 
  fetch = {
    package_name = 0xda9940 "煈", 
    url = 0xda9940
  }, 
  keepchanges = 0, 
  ssl_verify = 1, 
  params = 0xdad9a0, 
  roles = 0xd37e00, 
  started = 0, 
  finished = 0, 
  localwatchdog = 0, 
  rhts_compat = 0, 
  remaining_time = -1, 
  order = 35, 
  env = 0x0, 
  state = TASK_IDLE, 
  error = 0x0, 
  offsets = 0xd32f00, 
  reboots = 0, 
  metadata = 0x0, 
  starttime = 0, 
  endtime = 0
}

TASK URI:
$344 = {
  scheme = 0x8885e2 "http", 
  user = 0x0, 
  password = 0x0, 
  host = 0xdaefc0 "lab-02.rhts.eng.bos.redhat.com", 
  port = 8000, 
  path = 0xdaf090 "//recipes/7694127/tasks/103690386/", 
  query = 0x0, 
  fragment = 0x0
}

TASK PARAMS :
$345 = {
  name = 0xdb0880 "CKI_SUITE_DESCRIPTION", 
  value = 0xdb08a0 "LTP openposix testsuite"
}
$346 = {
  name = 0xdb0d20 "CKI_CASE_NAME", 
  value = 0xdb0d70 "LTP: openposix test suite"
}
$347 = {
  name = 0xdb0da0 "CKI_WAIVED", 
  value = 0xdb0dc0 "True"
}
$348 = {
  name = 0xdb0de0 "CKI_MAINTAINERS", 
  value = 0xd305b0 "Memory Management <mm-qe@redhat.com>, Jan Stancek <jstancek@redhat.com>"
}
$349 = {
  name = 0xdb0af0 "KILLTIMEOVERRIDE", 
  value = 0xdb0b10 "18000"
}

TASK Roles:
$350 = {
  value = 0xdaeb80 "STANDALONE", 
  systems = 0xdaeec0 "dell-per720-08.klab.eng.bos.redhat.com"
}

TASK OFFSETS:
$351 = {
  size = 8, 
  mod = 7, 
  mask = 7, 
  nnodes = 0, 
  noccupied = 0, 
  keys = 0xdb0000, 
  hashes = 0xdaeff0, 
  values = 0xdb0000, 
  hash_func = 0x634f40 <g_str_hash>, 
  key_equal_func = 0x634f20 <g_str_equal>, 
  ref_count = 1, 
  version = 0, 
  key_destroy_func = 0x64b2a0 <g_free>, 
  value_destroy_func = 0x64b2a0 <g_free>
}


Generated by gdb script 'print_task'   using argument 0xdaba20


##--##--##--##--##--##--##--##--##--##--##--##--##--##--
Task ID: 103690387 NAME: Networking firewall: basic netfilter test
##--##--##--##--##--##--##--##--##--##--##--##--##--##--

$352 = {
  task_id = 0xdb1180 "103690387", 
  recipe = 0xd24e70, 
  task_uri = 0xda9980, 
  name = 0xdb0bb0 "Networking firewall: basic netfilter test", 
  path = 0xdb1220 "/mnt/tests/github.com/CKI-project/tests-beaker/archive/master.zip/networking/firewall/netfilter/target", 
  fetch_method = TASK_FETCH_UNPACK, 
  fetch = {
    package_name = 0xda99c0 "煈", 
    url = 0xda99c0
  }, 
  keepchanges = 0, 
  ssl_verify = 1, 
  params = 0xdad980, 
  roles = 0xd378c0, 
  started = 0, 
  finished = 0, 
  localwatchdog = 0, 
  rhts_compat = 0, 
  remaining_time = -1, 
  order = 36, 
  env = 0x0, 
  state = TASK_IDLE, 
  error = 0x0, 
  offsets = 0xd32f60, 
  reboots = 0, 
  metadata = 0x0, 
  starttime = 0, 
  endtime = 0
}

TASK URI:
$353 = {
  scheme = 0x8885e2 "http", 
  user = 0x0, 
  password = 0x0, 
  host = 0xdb0b50 "lab-02.rhts.eng.bos.redhat.com", 
  port = 8000, 
  path = 0xdb11c0 "//recipes/7694127/tasks/103690387/", 
  query = 0x0, 
  fragment = 0x0
}

TASK PARAMS :
$354 = {
  name = 0xdb12b0 "CKI_SUITE_DESCRIPTION", 
  value = 0xdb1310 "Networking firewall: basic netfilter test"
}
$355 = {
  name = 0xdb1350 "CKI_CASE_NAME", 
  value = 0xdb1370 "Networking firewall: basic netfilter test"
}
$356 = {
  name = 0xdb13b0 "CKI_WAIVED", 
  value = 0xdb13d0 "True"
}
$357 = {
  name = 0xdb13f0 "CKI_MAINTAINERS", 
  value = 0xdb1410 "Yi Chen <yiche@redhat.com>, Jianwen Ji <jiji@redhat.com>, Hangbin Liu <haliu@redhat.com>"
}
$358 = {
  name = 0xdb1480 "KILLTIMEOVERRIDE", 
  value = 0xdb14a0 "3000"
}
$359 = {
  name = 0xdb14c0 "MH_INFRA_TYPE", 
  value = 0xdb14e0 "ns"
}
$360 = {
  name = 0xdb1500 "MH_VNIC_TYPE", 
  value = 0xdb1520 "nic"
}
$361 = {
  name = 0xdb1540 "MH_TEST_LEVELS", 
  value = 0xdb1560 "integration"
}
$362 = {
  name = 0xdb1580 "MH_TG_ENTRIES", 
  value = 0xdb15d0 "tg_STANDARD.sh tg_STANDARDv6.sh"
}

TASK Roles:
$363 = {
  value = 0xdaefa0 "STANDALONE", 
  systems = 0xdb0d40 "dell-per720-08.klab.eng.bos.redhat.com"
}

TASK OFFSETS:
$364 = {
  size = 8, 
  mod = 7, 
  mask = 7, 
  nnodes = 0, 
  noccupied = 0, 
  keys = 0xdb0f00, 
  hashes = 0xdb0b80, 
  values = 0xdb0f00, 
  hash_func = 0x634f40 <g_str_hash>, 
  key_equal_func = 0x634f20 <g_str_equal>, 
  ref_count = 1, 
  version = 0, 
  key_destroy_func = 0x64b2a0 <g_free>, 
  value_destroy_func = 0x64b2a0 <g_free>
}


Generated by gdb script 'print_task'   using argument 0xdabad0


##--##--##--##--##--##--##--##--##--##--##--##--##--##--
Task ID: 103690388 NAME: /kernel/livepatch/kselftests
##--##--##--##--##--##--##--##--##--##--##--##--##--##--

$365 = {
  task_id = 0xdb1700 "103690388", 
  recipe = 0xd24e70, 
  task_uri = 0xda9a00, 
  name = 0xdb16d0 "/kernel/livepatch/kselftests", 
  path = 0xdb17d0 "/mnt/tests/kernel/livepatch/kselftests", 
  fetch_method = TASK_FETCH_INSTALL_PACKAGE, 
  fetch = {
    package_name = 0xdb17a0 "kernel-kernel-livepatch-kselftests", 
    url = 0xdb17a0
  }, 
  keepchanges = 0, 
  ssl_verify = 0, 
  params = 0xdadce0, 
  roles = 0xd37780, 
  started = 0, 
  finished = 0, 
  localwatchdog = 0, 
  rhts_compat = 0, 
  remaining_time = -1, 
  order = 37, 
  env = 0x0, 
  state = TASK_IDLE, 
  error = 0x0, 
  offsets = 0xdaf400, 
  reboots = 0, 
  metadata = 0x0, 
  starttime = 0, 
  endtime = 0
}

TASK URI:
$366 = {
  scheme = 0x8885e2 "http", 
  user = 0x0, 
  password = 0x0, 
  host = 0xdb1620 "lab-02.rhts.eng.bos.redhat.com", 
  port = 8000, 
  path = 0xdb1740 "//recipes/7694127/tasks/103690388/", 
  query = 0x0, 
  fragment = 0x0
}

TASK PARAMS :
$367 = {
  name = 0xdb1720 "CKI_SUITE_DESCRIPTION", 
  value = 0xdb21b0 "Livepatch kselftests"
}
$368 = {
  name = 0xdb3230 "CKI_CASE_NAME", 
  value = 0xdb3250 "Livepatch kselftests"
}
$369 = {
  name = 0xdb3270 "CKI_WAIVED", 
  value = 0xdb3290 "True"
}
$370 = {
  name = 0xdb32b0 "CKI_MAINTAINERS", 
  value = 0xda8c00 "Yulia Kopkova <ykopkova@redhat.com>, Joe Lawrence <joe.lawrence@redhat.com>"
}
$371 = {
  name = 0xdb32d0 "KILLTIMEOVERRIDE", 
  value = 0xdb32f0 "300"
}

TASK Roles:
$372 = {
  value = 0xdb0b30 "STANDALONE", 
  systems = 0xdb15a0 "dell-per720-08.klab.eng.bos.redhat.com"
}

TASK OFFSETS:
$373 = {
  size = 8, 
  mod = 7, 
  mask = 7, 
  nnodes = 0, 
  noccupied = 0, 
  keys = 0xdb1650, 
  hashes = 0xdb16a0, 
  values = 0xdb1650, 
  hash_func = 0x634f40 <g_str_hash>, 
  key_equal_func = 0x634f20 <g_str_equal>, 
  ref_count = 1, 
  version = 0, 
  key_destroy_func = 0x64b2a0 <g_free>, 
  value_destroy_func = 0x64b2a0 <g_free>
}


Generated by gdb script 'print_task'   using argument 0xdabb80


##--##--##--##--##--##--##--##--##--##--##--##--##--##--
Task ID: 103690389 NAME: Usex - version 1.9-29
##--##--##--##--##--##--##--##--##--##--##--##--##--##--

$374 = {
  task_id = 0xdb33d0 "103690389", 
  recipe = 0xd24e70, 
  task_uri = 0xda9a40, 
  name = 0xdb33b0 "Usex - version 1.9-29", 
  path = 0xdb3440 "/mnt/tests/github.com/CKI-project/tests-beaker/archive/master.zip/standards/usex/1.9-29", 
  fetch_method = TASK_FETCH_UNPACK, 
  fetch = {
    package_name = 0xda9a80 "煈", 
    url = 0xda9a80
  }, 
  keepchanges = 0, 
  ssl_verify = 1, 
  params = 0xdb2240, 
  roles = 0xd37660, 
  started = 0, 
  finished = 0, 
  localwatchdog = 0, 
  rhts_compat = 0, 
  remaining_time = -1, 
  order = 38, 
  env = 0x0, 
  state = TASK_IDLE, 
  error = 0x0, 
  offsets = 0xdaf460, 
  reboots = 0, 
  metadata = 0x0, 
  starttime = 0, 
  endtime = 0
}

TASK URI:
$375 = {
  scheme = 0x8885e2 "http", 
  user = 0x0, 
  password = 0x0, 
  host = 0xdb1770 "lab-02.rhts.eng.bos.redhat.com", 
  port = 8000, 
  path = 0xdb3410 "//recipes/7694127/tasks/103690389/", 
  query = 0x0, 
  fragment = 0x0
}

TASK PARAMS :
$376 = {
  name = 0xdb34f0 "CKI_SUITE_DESCRIPTION", 
  value = 0xdb3510 "Usex - version 1.9-29"
}
$377 = {
  name = 0xdb3530 "CKI_CASE_NAME", 
  value = 0xdb3550 "Usex - version 1.9-29"
}
$378 = {
  name = 0xdb3570 "CKI_WAIVED", 
  value = 0xdb3590 "True"
}
$379 = {
  name = 0xdb35b0 "CKI_MAINTAINERS", 
  value = 0xdb3600 "Memory Management <mm-qe@redhat.com>"
}
$380 = {
  name = 0xdb3630 "KILLTIMEOVERRIDE", 
  value = 0xdb3650 "1800"
}

TASK Roles:
$381 = {
  value = 0xdb1600 "STANDALONE", 
  systems = 0xdb21d0 "dell-per720-08.klab.eng.bos.redhat.com"
}

TASK OFFSETS:
$382 = {
  size = 8, 
  mod = 7, 
  mask = 7, 
  nnodes = 0, 
  noccupied = 0, 
  keys = 0xdb3330, 
  hashes = 0xdb3380, 
  values = 0xdb3330, 
  hash_func = 0x634f40 <g_str_hash>, 
  key_equal_func = 0x634f20 <g_str_equal>, 
  ref_count = 1, 
  version = 0, 
  key_destroy_func = 0x64b2a0 <g_free>, 
  value_destroy_func = 0x64b2a0 <g_free>
}


Generated by gdb script 'print_task'   using argument 0xdabc30


##--##--##--##--##--##--##--##--##--##--##--##--##--##--
Task ID: 103690390 NAME: storage: dm/common
##--##--##--##--##--##--##--##--##--##--##--##--##--##--

$383 = {
  task_id = 0xdb3760 "103690390", 
  recipe = 0xd24e70, 
  task_uri = 0xda9ac0, 
  name = 0xdb3740 "storage: dm/common", 
  path = 0xdb3810 "/mnt/tests/github.com/CKI-project/tests-beaker/archive/master.zip/storage/dm/common", 
  fetch_method = TASK_FETCH_UNPACK, 
  fetch = {
    package_name = 0xda9b00 "煈", 
    url = 0xda9b00
  }, 
  keepchanges = 0, 
  ssl_verify = 1, 
  params = 0xdb2360, 
  roles = 0xd1c520, 
  started = 0, 
  finished = 0, 
  localwatchdog = 0, 
  rhts_compat = 0, 
  remaining_time = -1, 
  order = 39, 
  env = 0x0, 
  state = TASK_IDLE, 
  error = 0x0, 
  offsets = 0xdaf4c0, 
  reboots = 0, 
  metadata = 0x0, 
  starttime = 0, 
  endtime = 0
}

TASK URI:
$384 = {
  scheme = 0x8885e2 "http", 
  user = 0x0, 
  password = 0x0, 
  host = 0xdb3690 "lab-02.rhts.eng.bos.redhat.com", 
  port = 8000, 
  path = 0xdb37a0 "//recipes/7694127/tasks/103690390/", 
  query = 0x0, 
  fragment = 0x0
}

TASK PARAMS :
$385 = {
  name = 0xdb38c0 "CKI_SUITE_DESCRIPTION", 
  value = 0xdb3920 "Storage tests device-mapper with parameters"
}
$386 = {
  name = 0xdb3960 "CKI_CASE_NAME", 
  value = 0xdb3980 "storage: dm/common"
}
$387 = {
  name = 0xdb39a0 "CKI_WAIVED", 
  value = 0xdb39c0 "True"
}
$388 = {
  name = 0xdb39e0 "CKI_MAINTAINERS", 
  value = 0xdb3a30 "Guangwu Zhang <guazhang@redhat.com>"
}
$389 = {
  name = 0xdb3a60 "KILLTIMEOVERRIDE", 
  value = 0xdb3a80 "1800"
}

TASK Roles:
$390 = {
  value = 0xdb3310 "STANDALONE", 
  systems = 0xdb35d0 "dell-per720-08.klab.eng.bos.redhat.com"
}

TASK OFFSETS:
$391 = {
  size = 8, 
  mod = 7, 
  mask = 7, 
  nnodes = 0, 
  noccupied = 0, 
  keys = 0xdb36c0, 
  hashes = 0xdb3710, 
  values = 0xdb36c0, 
  hash_func = 0x634f40 <g_str_hash>, 
  key_equal_func = 0x634f20 <g_str_equal>, 
  ref_count = 1, 
  version = 0, 
  key_destroy_func = 0x64b2a0 <g_free>, 
  value_destroy_func = 0x64b2a0 <g_free>
}


Generated by gdb script 'print_task'   using argument 0xdabce0


##--##--##--##--##--##--##--##--##--##--##--##--##--##--
Task ID: 103690391 NAME: /kernel/networking/kselftests
##--##--##--##--##--##--##--##--##--##--##--##--##--##--

$392 = {
  task_id = 0xdb3ba0 "103690391", 
  recipe = 0xd24e70, 
  task_uri = 0xda9b40, 
  name = 0xdb3b70 "/kernel/networking/kselftests", 
  path = 0xdb3c70 "/mnt/tests/kernel/networking/kselftests", 
  fetch_method = TASK_FETCH_INSTALL_PACKAGE, 
  fetch = {
    package_name = 0xdb3c40 "kernel-kernel-networking-kselftests", 
    url = 0xdb3c40
  }, 
  keepchanges = 0, 
  ssl_verify = 0, 
  params = 0xdb26a0, 
  roles = 0xd1c420, 
  started = 0, 
  finished = 0, 
  localwatchdog = 0, 
  rhts_compat = 0, 
  remaining_time = -1, 
  order = 40, 
  env = 0x0, 
  state = TASK_IDLE, 
  error = 0x0, 
  offsets = 0xdaf520, 
  reboots = 0, 
  metadata = 0x0, 
  starttime = 0, 
  endtime = 0
}

TASK URI:
$393 = {
  scheme = 0x8885e2 "http", 
  user = 0x0, 
  password = 0x0, 
  host = 0xdb3ac0 "lab-02.rhts.eng.bos.redhat.com", 
  port = 8000, 
  path = 0xdb3be0 "//recipes/7694127/tasks/103690391/", 
  query = 0x0, 
  fragment = 0x0
}

TASK PARAMS :
$394 = {
  name = 0xdb3bc0 "CKI_SUITE_DESCRIPTION", 
  value = 0xdb3ca0 "kernel networking selftests"
}
$395 = {
  name = 0xdb3cd0 "CKI_CASE_NAME", 
  value = 0xdb3cf0 "kernel networking selftests: net"
}
$396 = {
  name = 0xdb3d20 "CKI_WAIVED", 
  value = 0xdb3d40 "True"
}
$397 = {
  name = 0xdb3d60 "CKI_MAINTAINERS", 
  value = 0xdb3d80 "Hangbin Liu <haliu@redhat.com>"
}
$398 = {
  name = 0xdb3db0 "KILLTIMEOVERRIDE", 
  value = 0xdb3dd0 "7200"
}
$399 = {
  name = 0xdb3df0 "TEST_ITEMS", 
  value = 0xdb3e10 "net"
}

TASK Roles:
$400 = {
  value = 0xdb3670 "STANDALONE", 
  systems = 0xdb3a00 "dell-per720-08.klab.eng.bos.redhat.com"
}

TASK OFFSETS:
$401 = {
  size = 8, 
  mod = 7, 
  mask = 7, 
  nnodes = 0, 
  noccupied = 0, 
  keys = 0xdb3af0, 
  hashes = 0xdb3b40, 
  values = 0xdb3af0, 
  hash_func = 0x634f40 <g_str_hash>, 
  key_equal_func = 0x634f20 <g_str_equal>, 
  ref_count = 1, 
  version = 0, 
  key_destroy_func = 0x64b2a0 <g_free>, 
  value_destroy_func = 0x64b2a0 <g_free>
}


Generated by gdb script 'print_task'   using argument 0xdabd90


##--##--##--##--##--##--##--##--##--##--##--##--##--##--
Task ID: 103690392 NAME: /kernel/networking/kselftests
##--##--##--##--##--##--##--##--##--##--##--##--##--##--

$402 = {
  task_id = 0xdb3f30 "103690392", 
  recipe = 0xd24e70, 
  task_uri = 0xda9b80, 
  name = 0xdb3f00 "/kernel/networking/kselftests", 
  path = 0xdb4000 "/mnt/tests/kernel/networking/kselftests", 
  fetch_method = TASK_FETCH_INSTALL_PACKAGE, 
  fetch = {
    package_name = 0xdb3fd0 "kernel-kernel-networking-kselftests", 
    url = 0xdb3fd0
  }, 
  keepchanges = 0, 
  ssl_verify = 0, 
  params = 0xdb2c00, 
  roles = 0xd22300, 
  started = 0, 
  finished = 0, 
  localwatchdog = 0, 
  rhts_compat = 0, 
  remaining_time = -1, 
  order = 41, 
  env = 0x0, 
  state = TASK_IDLE, 
  error = 0x0, 
  offsets = 0xdaf580, 
  reboots = 0, 
  metadata = 0x0, 
  starttime = 0, 
  endtime = 0
}

TASK URI:
$403 = {
  scheme = 0x8885e2 "http", 
  user = 0x0, 
  password = 0x0, 
  host = 0xdb3e50 "lab-02.rhts.eng.bos.redhat.com", 
  port = 8000, 
  path = 0xdb3f70 "//recipes/7694127/tasks/103690392/", 
  query = 0x0, 
  fragment = 0x0
}

TASK PARAMS :
$404 = {
  name = 0xdb3f50 "CKI_SUITE_DESCRIPTION", 
  value = 0xdb4030 "kernel networking selftests"
}
$405 = {
  name = 0xdb4060 "CKI_CASE_NAME", 
  value = 0xdb4080 "kernel networking selftests: bpf"
}
$406 = {
  name = 0xdb40b0 "CKI_WAIVED", 
  value = 0xdb40d0 "True"
}
$407 = {
  name = 0xdb40f0 "CKI_MAINTAINERS", 
  value = 0xdb4110 "Hangbin Liu <haliu@redhat.com>"
}
$408 = {
  name = 0xdb4140 "KILLTIMEOVERRIDE", 
  value = 0xdb4160 "7200"
}
$409 = {
  name = 0xdb4180 "TEST_ITEMS", 
  value = 0xdb41a0 "bpf"
}

TASK Roles:
$410 = {
  value = 0xdb3aa0 "STANDALONE", 
  systems = 0xdb3c10 "dell-per720-08.klab.eng.bos.redhat.com"
}

TASK OFFSETS:
$411 = {
  size = 8, 
  mod = 7, 
  mask = 7, 
  nnodes = 0, 
  noccupied = 0, 
  keys = 0xdb3e80, 
  hashes = 0xdb3ed0, 
  values = 0xdb3e80, 
  hash_func = 0x634f40 <g_str_hash>, 
  key_equal_func = 0x634f20 <g_str_equal>, 
  ref_count = 1, 
  version = 0, 
  key_destroy_func = 0x64b2a0 <g_free>, 
  value_destroy_func = 0x64b2a0 <g_free>
}


Generated by gdb script 'print_task'   using argument 0xdabe40


##--##--##--##--##--##--##--##--##--##--##--##--##--##--
Task ID: 103690393 NAME: /kernel/networking/kselftests
##--##--##--##--##--##--##--##--##--##--##--##--##--##--

$412 = {
  task_id = 0xdb42c0 "103690393", 
  recipe = 0xd24e70, 
  task_uri = 0xdb0400, 
  name = 0xdb4290 "/kernel/networking/kselftests", 
  path = 0xdb4390 "/mnt/tests/kernel/networking/kselftests", 
  fetch_method = TASK_FETCH_INSTALL_PACKAGE, 
  fetch = {
    package_name = 0xdb4360 "kernel-kernel-networking-kselftests", 
    url = 0xdb4360
  }, 
  keepchanges = 0, 
  ssl_verify = 0, 
  params = 0xdb2d20, 
  roles = 0xd21d00, 
  started = 0, 
  finished = 0, 
  localwatchdog = 0, 
  rhts_compat = 0, 
  remaining_time = -1, 
  order = 42, 
  env = 0x0, 
  state = TASK_IDLE, 
  error = 0x0, 
  offsets = 0xdaf5e0, 
  reboots = 0, 
  metadata = 0x0, 
  starttime = 0, 
  endtime = 0
}

TASK URI:
$413 = {
  scheme = 0x8885e2 "http", 
  user = 0x0, 
  password = 0x0, 
  host = 0xdb41e0 "lab-02.rhts.eng.bos.redhat.com", 
  port = 8000, 
  path = 0xdb4300 "//recipes/7694127/tasks/103690393/", 
  query = 0x0, 
  fragment = 0x0
}

TASK PARAMS :
$414 = {
  name = 0xdb42e0 "CKI_SUITE_DESCRIPTION", 
  value = 0xdb43c0 "kernel networking selftests"
}
$415 = {
  name = 0xdb43f0 "CKI_CASE_NAME", 
  value = 0xdb4410 "kernel networking selftests: forwarding"
}
$416 = {
  name = 0xdb4440 "CKI_WAIVED", 
  value = 0xdb4460 "True"
}
$417 = {
  name = 0xdb4480 "CKI_MAINTAINERS", 
  value = 0xdb44a0 "Hangbin Liu <haliu@redhat.com>"
}
$418 = {
  name = 0xdb4a00 "KILLTIMEOVERRIDE", 
  value = 0xdb4a20 "7200"
}
$419 = {
  name = 0xdb4a40 "TEST_ITEMS", 
  value = 0xdb4a60 "forwarding"
}

TASK Roles:
$420 = {
  value = 0xdb3e30 "STANDALONE", 
  systems = 0xdb3fa0 "dell-per720-08.klab.eng.bos.redhat.com"
}

TASK OFFSETS:
$421 = {
  size = 8, 
  mod = 7, 
  mask = 7, 
  nnodes = 0, 
  noccupied = 0, 
  keys = 0xdb4210, 
  hashes = 0xdb4260, 
  values = 0xdb4210, 
  hash_func = 0x634f40 <g_str_hash>, 
  key_equal_func = 0x634f20 <g_str_equal>, 
  ref_count = 1, 
  version = 0, 
  key_destroy_func = 0x64b2a0 <g_free>, 
  value_destroy_func = 0x64b2a0 <g_free>
}


Generated by gdb script 'print_task'   using argument 0xdabef0


##--##--##--##--##--##--##--##--##--##--##--##--##--##--
Task ID: 103690394 NAME: /kernel/networking/kselftests
##--##--##--##--##--##--##--##--##--##--##--##--##--##--

$422 = {
  task_id = 0xdb4b50 "103690394", 
  recipe = 0xd24e70, 
  task_uri = 0xdb0440, 
  name = 0xdb4b20 "/kernel/networking/kselftests", 
  path = 0xdb4c20 "/mnt/tests/kernel/networking/kselftests", 
  fetch_method = TASK_FETCH_INSTALL_PACKAGE, 
  fetch = {
    package_name = 0xdb4bf0 "kernel-kernel-networking-kselftests", 
    url = 0xdb4bf0
  }, 
  keepchanges = 0, 
  ssl_verify = 0, 
  params = 0xdb2760, 
  roles = 0xd22340, 
  started = 0, 
  finished = 0, 
  localwatchdog = 0, 
  rhts_compat = 0, 
  remaining_time = -1, 
  order = 43, 
  env = 0x0, 
  state = TASK_IDLE, 
  error = 0x0, 
  offsets = 0xdaf640, 
  reboots = 0, 
  metadata = 0x0, 
  starttime = 0, 
  endtime = 0
}

TASK URI:
$423 = {
  scheme = 0x8885e2 "http", 
  user = 0x0, 
  password = 0x0, 
  host = 0xdb4330 "lab-02.rhts.eng.bos.redhat.com", 
  port = 8000, 
  path = 0xdb4b90 "//recipes/7694127/tasks/103690394/", 
  query = 0x0, 
  fragment = 0x0
}

TASK PARAMS :
$424 = {
  name = 0xdb4b70 "CKI_SUITE_DESCRIPTION", 
  value = 0xdb4c50 "kernel networking selftests"
}
$425 = {
  name = 0xdb4c80 "CKI_CASE_NAME", 
  value = 0xdb4ca0 "kernel networking selftests: tc"
}
$426 = {
  name = 0xdb4cd0 "CKI_WAIVED", 
  value = 0xdb4cf0 "True"
}
$427 = {
  name = 0xdb4d10 "CKI_MAINTAINERS", 
  value = 0xdb4d30 "Hangbin Liu <haliu@redhat.com>"
}
$428 = {
  name = 0xdb4d60 "KILLTIMEOVERRIDE", 
  value = 0xdb4d80 "7200"
}
$429 = {
  name = 0xdb4da0 "TEST_ITEMS", 
  value = 0xdb4dc0 "tc"
}

TASK Roles:
$430 = {
  value = 0xdb41c0 "STANDALONE", 
  systems = 0xdb44d0 "dell-per720-08.klab.eng.bos.redhat.com"
}

TASK OFFSETS:
$431 = {
  size = 8, 
  mod = 7, 
  mask = 7, 
  nnodes = 0, 
  noccupied = 0, 
  keys = 0xdb4aa0, 
  hashes = 0xdb4af0, 
  values = 0xdb4aa0, 
  hash_func = 0x634f40 <g_str_hash>, 
  key_equal_func = 0x634f20 <g_str_equal>, 
  ref_count = 1, 
  version = 0, 
  key_destroy_func = 0x64b2a0 <g_free>, 
  value_destroy_func = 0x64b2a0 <g_free>
}
